Using pre-set license
Built from '2021.3/release' branch; Version is '2021.3.12f1 (8af3c3e441b1) revision 9106371'; Using compiler version '192829333'; Build Type 'Release'
OS: 'Windows 10  (10.0.19044) 64bit Professional' Language: 'es' Physical Memory: 65400 MB
BatchMode: 1, IsHumanControllingUs: 0, StartBugReporterOnCrash: 0, Is64bit: 1, IsPro: 1

COMMAND LINE ARGUMENTS:
D:\UnityEditor\2021.3.12f1\Editor\Unity.exe
-adb2
-batchMode
-noUpm
-name
AssetImportWorker1
-projectPath
D:/Universidad/Proyectos Unity/disdevi05_t9_lab/disdevi05_t9_lab
-logFile
Logs/AssetImportWorker1.log
-srvPort
65234
Successfully changed project path to: D:/Universidad/Proyectos Unity/disdevi05_t9_lab/disdevi05_t9_lab
D:/Universidad/Proyectos Unity/disdevi05_t9_lab/disdevi05_t9_lab
[UnityMemory] Configuration Parameters - Can be set up in boot.config
    "memorysetup-bucket-allocator-granularity=16"
    "memorysetup-bucket-allocator-bucket-count=8"
    "memorysetup-bucket-allocator-block-size=33554432"
    "memorysetup-bucket-allocator-block-count=8"
    "memorysetup-main-allocator-block-size=16777216"
    "memorysetup-thread-allocator-block-size=16777216"
    "memorysetup-gfx-main-allocator-block-size=16777216"
    "memorysetup-gfx-thread-allocator-block-size=16777216"
    "memorysetup-cache-allocator-block-size=4194304"
    "memorysetup-typetree-allocator-block-size=2097152"
    "memorysetup-profiler-bucket-allocator-granularity=16"
    "memorysetup-profiler-bucket-allocator-bucket-count=8"
    "memorysetup-profiler-bucket-allocator-block-size=33554432"
    "memorysetup-profiler-bucket-allocator-block-count=8"
    "memorysetup-profiler-allocator-block-size=16777216"
    "memorysetup-profiler-editor-allocator-block-size=1048576"
    "memorysetup-temp-allocator-size-main=16777216"
    "memorysetup-job-temp-allocator-block-size=2097152"
    "memorysetup-job-temp-allocator-block-size-background=1048576"
    "memorysetup-job-temp-allocator-reduction-small-platforms=262144"
    "memorysetup-temp-allocator-size-background-worker=32768"
    "memorysetup-temp-allocator-size-job-worker=262144"
    "memorysetup-temp-allocator-size-preload-manager=33554432"
    "memorysetup-temp-allocator-size-nav-mesh-worker=65536"
    "memorysetup-temp-allocator-size-audio-worker=65536"
    "memorysetup-temp-allocator-size-cloud-worker=32768"
    "memorysetup-temp-allocator-size-gi-baking-worker=262144"
    "memorysetup-temp-allocator-size-gfx=262144"
Refreshing native plugins compatible for Editor in 98.96 ms, found 3 plugins.
Preloading 0 native plugins for Editor in 0.00 ms.
Initialize engine version: 2021.3.12f1 (8af3c3e441b1)
[Subsystems] Discovering subsystems at path D:/UnityEditor/2021.3.12f1/Editor/Data/Resources/UnitySubsystems
[Subsystems] Discovering subsystems at path D:/Universidad/Proyectos Unity/disdevi05_t9_lab/disdevi05_t9_lab/Assets
GfxDevice: creating device client; threaded=0; jobified=0
Direct3D:
    Version:  Direct3D 11.0 [level 11.1]
    Renderer: NVIDIA GeForce RTX 3080 (ID=0x2206)
    Vendor:   NVIDIA
    VRAM:     10067 MB
    Driver:   31.0.15.2756
Initialize mono
Mono path[0] = 'D:/UnityEditor/2021.3.12f1/Editor/Data/Managed'
Mono path[1] = 'D:/UnityEditor/2021.3.12f1/Editor/Data/MonoBleedingEdge/lib/mono/unityjit-win32'
Mono config path = 'D:/UnityEditor/2021.3.12f1/Editor/Data/MonoBleedingEdge/etc'
Using monoOptions --debugger-agent=transport=dt_socket,embedding=1,server=y,suspend=n,address=127.0.0.1:56172
Begin MonoManager ReloadAssembly
Registering precompiled unity dll's ...
Register platform support module: D:/UnityEditor/2021.3.12f1/Editor/Data/PlaybackEngines/WindowsStandaloneSupport/UnityEditor.WindowsStandalone.Extensions.dll
Registered in 0.001944 seconds.
Native extension for WindowsStandalone target not found
Refreshing native plugins compatible for Editor in 90.49 ms, found 3 plugins.
Preloading 0 native plugins for Editor in 0.00 ms.
Mono: successfully reloaded assembly
- Completed reload, in  0.536 seconds
Domain Reload Profiling:
	ReloadAssembly (537ms)
		BeginReloadAssembly (64ms)
			ExecutionOrderSort (0ms)
			DisableScriptedObjects (0ms)
			BackupInstance (0ms)
			ReleaseScriptingObjects (0ms)
			CreateAndSetChildDomain (1ms)
		EndReloadAssembly (392ms)
			LoadAssemblies (64ms)
			RebuildTransferFunctionScriptingTraits (0ms)
			SetupTypeCache (85ms)
			ReleaseScriptCaches (0ms)
			RebuildScriptCaches (22ms)
			SetupLoadedEditorAssemblies (247ms)
				LogAssemblyErrors (0ms)
				InitializePlatformSupportModulesInManaged (5ms)
				SetLoadedEditorAssemblies (0ms)
				RefreshPlugins (91ms)
				BeforeProcessingInitializeOnLoad (1ms)
				ProcessInitializeOnLoadAttributes (112ms)
				ProcessInitializeOnLoadMethodAttributes (37ms)
				AfterProcessingInitializeOnLoad (0ms)
				EditorAssembliesLoaded (0ms)
			ExecutionOrderSort2 (0ms)
			AwakeInstancesAfterBackupRestoration (0ms)
Platform modules already initialized, skipping
Registering precompiled user dll's ...
Registered in 0.004026 seconds.
Begin MonoManager ReloadAssembly
Symbol file LoadedFromMemory doesn't match image D:\Universidad\Proyectos Unity\disdevi05_t9_lab\disdevi05_t9_lab\Library\PackageCache\com.unity.visualscripting@1.7.8\Editor\VisualScripting.Core\Dependencies\YamlDotNet\Unity.VisualScripting.YamlDotNet.dll
Symbol file LoadedFromMemory doesn't match image D:\Universidad\Proyectos Unity\disdevi05_t9_lab\disdevi05_t9_lab\Library\PackageCache\com.unity.visualscripting@1.7.8\Editor\VisualScripting.Core\Dependencies\DotNetZip\Unity.VisualScripting.IonicZip.dll
Native extension for WindowsStandalone target not found
Refreshing native plugins compatible for Editor in 88.48 ms, found 3 plugins.
Preloading 0 native plugins for Editor in 0.00 ms.
Mono: successfully reloaded assembly
- Completed reload, in  0.984 seconds
Domain Reload Profiling:
	ReloadAssembly (985ms)
		BeginReloadAssembly (95ms)
			ExecutionOrderSort (0ms)
			DisableScriptedObjects (5ms)
			BackupInstance (0ms)
			ReleaseScriptingObjects (0ms)
			CreateAndSetChildDomain (15ms)
		EndReloadAssembly (801ms)
			LoadAssemblies (75ms)
			RebuildTransferFunctionScriptingTraits (0ms)
			SetupTypeCache (224ms)
			ReleaseScriptCaches (1ms)
			RebuildScriptCaches (43ms)
			SetupLoadedEditorAssemblies (439ms)
				LogAssemblyErrors (0ms)
				InitializePlatformSupportModulesInManaged (3ms)
				SetLoadedEditorAssemblies (0ms)
				RefreshPlugins (89ms)
				BeforeProcessingInitializeOnLoad (71ms)
				ProcessInitializeOnLoadAttributes (253ms)
				ProcessInitializeOnLoadMethodAttributes (20ms)
				AfterProcessingInitializeOnLoad (3ms)
				EditorAssembliesLoaded (0ms)
			ExecutionOrderSort2 (0ms)
			AwakeInstancesAfterBackupRestoration (5ms)
Platform modules already initialized, skipping
========================================================================
Worker process is ready to serve import requests
Launched and connected shader compiler UnityShaderCompiler.exe after 0.03 seconds
Refreshing native plugins compatible for Editor in 0.72 ms, found 3 plugins.
Preloading 0 native plugins for Editor in 0.00 ms.
Unloading 3754 Unused Serialized files (Serialized files now loaded: 0)
Unloading 30 unused Assets / (113.9 KB). Loaded Objects now: 4218.
Memory consumption went from 135.6 MB to 135.5 MB.
Total: 2.665100 ms (FindLiveObjects: 0.268200 ms CreateObjectMapping: 0.236200 ms MarkObjects: 2.065900 ms  DeleteObjects: 0.094300 ms)

AssetImportParameters requested are different than current active one (requested -> active):
  custom:video-decoder-ogg-theora: a1e56fd34408186e4bbccfd4996cb3dc -> 
  custom:container-muxer-webm: aa71ff27fc2769a1b78a27578f13a17b -> 
  custom:container-demuxer-webm: 4f35f7cbe854078d1ac9338744f61a02 -> 
  custom:video-encoder-webm-vp8: eb34c28f22e8b96e1ab97ce403110664 -> 
  custom:audio-encoder-webm-vorbis: bf7c407c2cedff20999df2af8eb42d56 -> 
  custom:framework-win-MediaFoundation: 216162199b28c13a410421893ffa2e32 -> 
  custom:container-demuxer-ogg: 62fdf1f143b41e24485cea50d1cbac27 -> 
  custom:video-decoder-webm-vp8: 9c59270c3fd7afecdb556c50c9e8de78 -> 
  custom:audio-decoder-ogg-vorbis: bf7c407c2cedff20999df2af8eb42d56 -> 
========================================================================
Received Import Request.
  Time since last request: 91757.367465 seconds.
  path: Assets/TooManyCrosshairs/2048px/Scopes/ChevronScopeFull2048.png
  artifactKey: Guid(dc1bbe4f0528bef47a3dc31425139758) Importer(815301076,1909f56bfc062723c751e8b465ee728b)
Start importing Assets/TooManyCrosshairs/2048px/Scopes/ChevronScopeFull2048.png using Guid(dc1bbe4f0528bef47a3dc31425139758) Importer(815301076,1909f56bfc062723c751e8b465ee728b)  -> (artifact id: 'd4dbf1e3e894e3d1192447157634d5f2') in 0.097280 seconds 
========================================================================
Received Import Request.
  Time since last request: 0.000015 seconds.
  path: Assets/TooManyCrosshairs/2048px/Scopes/CrosshairTaperedFull.png
  artifactKey: Guid(56dd212b1dea9594fbd454c861875a7f) Importer(815301076,1909f56bfc062723c751e8b465ee728b)
Start importing Assets/TooManyCrosshairs/2048px/Scopes/CrosshairTaperedFull.png using Guid(56dd212b1dea9594fbd454c861875a7f) Importer(815301076,1909f56bfc062723c751e8b465ee728b)  -> (artifact id: '288eef95e9e033f5f6e99a0bf6fddaa0') in 0.026235 seconds 
========================================================================
Received Import Request.
  Time since last request: 0.000014 seconds.
  path: Assets/TooManyCrosshairs/2048px/Scopes/ChevronScopeOuter2048.png
  artifactKey: Guid(34462353060e9834e93ec5bcaf0a1af5) Importer(815301076,1909f56bfc062723c751e8b465ee728b)
Start importing Assets/TooManyCrosshairs/2048px/Scopes/ChevronScopeOuter2048.png using Guid(34462353060e9834e93ec5bcaf0a1af5) Importer(815301076,1909f56bfc062723c751e8b465ee728b)  -> (artifact id: '7bc681e59d6913b168b4b4248e762fdc') in 0.010090 seconds 
========================================================================
Received Import Request.
  Time since last request: 0.000018 seconds.
  path: Assets/TooManyCrosshairs/2048px/Scopes/DuplexSport2048.png
  artifactKey: Guid(28ab000dea2390a43b991e68121b23e6) Importer(815301076,1909f56bfc062723c751e8b465ee728b)
Start importing Assets/TooManyCrosshairs/2048px/Scopes/DuplexSport2048.png using Guid(28ab000dea2390a43b991e68121b23e6) Importer(815301076,1909f56bfc062723c751e8b465ee728b)  -> (artifact id: 'a61c511ed60312f98c7c9728295e66ec') in 0.010221 seconds 
========================================================================
Received Import Request.
  Time since last request: 0.000023 seconds.
  path: Assets/TooManyCrosshairs/2048px/Scopes/MarksmanScopeOuter2048.png
  artifactKey: Guid(2231e750f91f01247afa5fa572c9c73d) Importer(815301076,1909f56bfc062723c751e8b465ee728b)
Start importing Assets/TooManyCrosshairs/2048px/Scopes/MarksmanScopeOuter2048.png using Guid(2231e750f91f01247afa5fa572c9c73d) Importer(815301076,1909f56bfc062723c751e8b465ee728b)  -> (artifact id: '7713db812751eed28bad2ffa43428058') in 0.011107 seconds 
========================================================================
Received Import Request.
  Time since last request: 0.000019 seconds.
  path: Assets/TooManyCrosshairs/2048px/Scopes/GermanAlt2048.png
  artifactKey: Guid(101296ef94e90a44b87d8bbf32c3c79f) Importer(815301076,1909f56bfc062723c751e8b465ee728b)
Start importing Assets/TooManyCrosshairs/2048px/Scopes/GermanAlt2048.png using Guid(101296ef94e90a44b87d8bbf32c3c79f) Importer(815301076,1909f56bfc062723c751e8b465ee728b)  -> (artifact id: '93ea2d11ba44f97633f86d21cb238fca') in 0.010869 seconds 
========================================================================
Received Import Request.
  Time since last request: 0.000017 seconds.
  path: Assets/TooManyCrosshairs/2048px/Scopes/German2048.png
  artifactKey: Guid(95a2be98699f54c4db1dea1a6bd47c3e) Importer(815301076,1909f56bfc062723c751e8b465ee728b)
Start importing Assets/TooManyCrosshairs/2048px/Scopes/German2048.png using Guid(95a2be98699f54c4db1dea1a6bd47c3e) Importer(815301076,1909f56bfc062723c751e8b465ee728b)  -> (artifact id: 'ca90f6f5523c387b609a0a266585842e') in 0.010649 seconds 
========================================================================
Received Import Request.
  Time since last request: 22.711449 seconds.
  path: Assets/TooManyCrosshairs/Cursors/Cursors/Attack/Attack (6).png
  artifactKey: Guid(0529c1d72fe922f4fb61edfce6ddec8d) Importer(815301076,1909f56bfc062723c751e8b465ee728b)
Start importing Assets/TooManyCrosshairs/Cursors/Cursors/Attack/Attack (6).png using Guid(0529c1d72fe922f4fb61edfce6ddec8d) Importer(815301076,1909f56bfc062723c751e8b465ee728b)  -> (artifact id: '879dd84daf96fcc70ca6fe92f4dfb2e4') in 0.058992 seconds 
========================================================================
Received Import Request.
  Time since last request: 0.000028 seconds.
  path: Assets/TooManyCrosshairs/Cursors/Cursors/Attack/Attack (9).png
  artifactKey: Guid(76eb27f9de7c77d44b3fc5ffaefdf9eb) Importer(815301076,1909f56bfc062723c751e8b465ee728b)
Start importing Assets/TooManyCrosshairs/Cursors/Cursors/Attack/Attack (9).png using Guid(76eb27f9de7c77d44b3fc5ffaefdf9eb) Importer(815301076,1909f56bfc062723c751e8b465ee728b)  -> (artifact id: '30be2e869ccbac873be12917951a2ac1') in 0.010728 seconds 
========================================================================
Received Import Request.
  Time since last request: 0.000024 seconds.
  path: Assets/TooManyCrosshairs/Cursors/Cursors/Attack/Attack (8).png
  artifactKey: Guid(d6fb7afc70cbbd04bb87b3b881ac0e22) Importer(815301076,1909f56bfc062723c751e8b465ee728b)
Start importing Assets/TooManyCrosshairs/Cursors/Cursors/Attack/Attack (8).png using Guid(d6fb7afc70cbbd04bb87b3b881ac0e22) Importer(815301076,1909f56bfc062723c751e8b465ee728b)  -> (artifact id: '9a68499de2472279e6ea6008f5c82c5c') in 0.013482 seconds 
========================================================================
Received Import Request.
  Time since last request: 4.406089 seconds.
  path: Packages/com.unity.collab-proxy/Editor/PlasticSCM/Assets/Images/d_cloudbuhochristmas.png
  artifactKey: Guid(70632ddfe8e71b04b8f90ef7e29a9e98) Importer(815301076,1909f56bfc062723c751e8b465ee728b)
Start importing Packages/com.unity.collab-proxy/Editor/PlasticSCM/Assets/Images/d_cloudbuhochristmas.png using Guid(70632ddfe8e71b04b8f90ef7e29a9e98) Importer(815301076,1909f56bfc062723c751e8b465ee728b)  -> (artifact id: 'a5ecae6995d84f01654a8b0a06678ebc') in 0.055008 seconds 
========================================================================
Received Import Request.
  Time since last request: 0.336570 seconds.
  path: Packages/com.unity.collab-proxy/Editor/PlasticSCM/Assets/Images/d_colorbuhoshechristmas.png
  artifactKey: Guid(ec03f79379868c642b48ae5ddc821b6d) Importer(815301076,1909f56bfc062723c751e8b465ee728b)
Start importing Packages/com.unity.collab-proxy/Editor/PlasticSCM/Assets/Images/d_colorbuhoshechristmas.png using Guid(ec03f79379868c642b48ae5ddc821b6d) Importer(815301076,1909f56bfc062723c751e8b465ee728b)  -> (artifact id: '3fdeba6a3414328cbfbff202e949e4b7') in 0.067988 seconds 
========================================================================
Received Prepare
Registering precompiled user dll's ...
Registered in 0.004428 seconds.
Begin MonoManager ReloadAssembly
Symbol file LoadedFromMemory doesn't match image D:\Universidad\Proyectos Unity\disdevi05_t9_lab\disdevi05_t9_lab\Library\PackageCache\com.unity.visualscripting@1.7.8\Editor\VisualScripting.Core\Dependencies\YamlDotNet\Unity.VisualScripting.YamlDotNet.dll
Symbol file LoadedFromMemory doesn't match image D:\Universidad\Proyectos Unity\disdevi05_t9_lab\disdevi05_t9_lab\Library\PackageCache\com.unity.visualscripting@1.7.8\Editor\VisualScripting.Core\Dependencies\DotNetZip\Unity.VisualScripting.IonicZip.dll
Native extension for WindowsStandalone target not found
Refreshing native plugins compatible for Editor in 0.81 ms, found 3 plugins.
Preloading 0 native plugins for Editor in 0.00 ms.
Mono: successfully reloaded assembly
- Completed reload, in  0.987 seconds
Domain Reload Profiling:
	ReloadAssembly (987ms)
		BeginReloadAssembly (150ms)
			ExecutionOrderSort (0ms)
			DisableScriptedObjects (4ms)
			BackupInstance (0ms)
			ReleaseScriptingObjects (0ms)
			CreateAndSetChildDomain (32ms)
		EndReloadAssembly (748ms)
			LoadAssemblies (114ms)
			RebuildTransferFunctionScriptingTraits (0ms)
			SetupTypeCache (262ms)
			ReleaseScriptCaches (1ms)
			RebuildScriptCaches (39ms)
			SetupLoadedEditorAssemblies (324ms)
				LogAssemblyErrors (0ms)
				InitializePlatformSupportModulesInManaged (10ms)
				SetLoadedEditorAssemblies (0ms)
				RefreshPlugins (1ms)
				BeforeProcessingInitializeOnLoad (54ms)
				ProcessInitializeOnLoadAttributes (231ms)
				ProcessInitializeOnLoadMethodAttributes (25ms)
				AfterProcessingInitializeOnLoad (3ms)
				EditorAssembliesLoaded (0ms)
			ExecutionOrderSort2 (0ms)
			AwakeInstancesAfterBackupRestoration (7ms)
Platform modules already initialized, skipping
Refreshing native plugins compatible for Editor in 2.01 ms, found 3 plugins.
Preloading 0 native plugins for Editor in 0.00 ms.
Unloading 3736 Unused Serialized files (Serialized files now loaded: 0)
Unloading 21 unused Assets / (80.5 KB). Loaded Objects now: 4233.
Memory consumption went from 138.5 MB to 138.4 MB.
Total: 3.371500 ms (FindLiveObjects: 0.366400 ms CreateObjectMapping: 0.347700 ms MarkObjects: 2.560500 ms  DeleteObjects: 0.095900 ms)

AssetImportParameters requested are different than current active one (requested -> active):
  custom:video-decoder-ogg-theora: a1e56fd34408186e4bbccfd4996cb3dc -> 
  custom:container-muxer-webm: aa71ff27fc2769a1b78a27578f13a17b -> 
  custom:container-demuxer-webm: 4f35f7cbe854078d1ac9338744f61a02 -> 
  custom:video-encoder-webm-vp8: eb34c28f22e8b96e1ab97ce403110664 -> 
  custom:audio-encoder-webm-vorbis: bf7c407c2cedff20999df2af8eb42d56 -> 
  custom:framework-win-MediaFoundation: 216162199b28c13a410421893ffa2e32 -> 
  custom:container-demuxer-ogg: 62fdf1f143b41e24485cea50d1cbac27 -> 
  custom:video-decoder-webm-vp8: 9c59270c3fd7afecdb556c50c9e8de78 -> 
  custom:audio-decoder-ogg-vorbis: bf7c407c2cedff20999df2af8eb42d56 -> 
========================================================================
Received Import Request.
  Time since last request: 62.673375 seconds.
  path: Assets/Western Demo Audio Assets/Doors/Door Open 2.wav
  artifactKey: Guid(720bdee4b7a5648d58be1aeea9435cac) Importer(815301076,1909f56bfc062723c751e8b465ee728b)
Start importing Assets/Western Demo Audio Assets/Doors/Door Open 2.wav using Guid(720bdee4b7a5648d58be1aeea9435cac) Importer(815301076,1909f56bfc062723c751e8b465ee728b)  -> (artifact id: '95a5940a173748e2b7cc9197b774308f') in 0.077384 seconds 
========================================================================
Received Import Request.
  Time since last request: 0.000021 seconds.
  path: Assets/Western Demo Audio Assets/Doors/Saloon Door Squeak 2.wav
  artifactKey: Guid(56ee0053a1cef48c69071383e6ffd035) Importer(815301076,1909f56bfc062723c751e8b465ee728b)
Start importing Assets/Western Demo Audio Assets/Doors/Saloon Door Squeak 2.wav using Guid(56ee0053a1cef48c69071383e6ffd035) Importer(815301076,1909f56bfc062723c751e8b465ee728b)  -> (artifact id: '80884df305e6ad4f19166d111a9e582c') in 0.011879 seconds 
========================================================================
Received Import Request.
  Time since last request: 0.000016 seconds.
  path: Assets/Western Demo Audio Assets/Doors/Patio Door 2.wav
  artifactKey: Guid(d94a42b1f29cf461e9ba55484b382e7f) Importer(815301076,1909f56bfc062723c751e8b465ee728b)
Start importing Assets/Western Demo Audio Assets/Doors/Patio Door 2.wav using Guid(d94a42b1f29cf461e9ba55484b382e7f) Importer(815301076,1909f56bfc062723c751e8b465ee728b)  -> (artifact id: '9998b9bac4e8c381195e501f26d5c368') in 0.009517 seconds 
========================================================================
Received Import Request.
  Time since last request: 0.000022 seconds.
  path: Assets/Western Demo Audio Assets/Doors/Saloon Door 3.wav
  artifactKey: Guid(6910fbf3f49c644bda55cd1da8a1af03) Importer(815301076,1909f56bfc062723c751e8b465ee728b)
Start importing Assets/Western Demo Audio Assets/Doors/Saloon Door 3.wav using Guid(6910fbf3f49c644bda55cd1da8a1af03) Importer(815301076,1909f56bfc062723c751e8b465ee728b)  -> (artifact id: 'd5a659671badfcdc2b02ad908db20fa0') in 0.028379 seconds 
========================================================================
Received Import Request.
  Time since last request: 0.000017 seconds.
  path: Assets/Western Demo Audio Assets/Doors/Saloon Door Squeak 1.wav
  artifactKey: Guid(53fd5fed6d4f94945ad3fba8b9cdc258) Importer(815301076,1909f56bfc062723c751e8b465ee728b)
Start importing Assets/Western Demo Audio Assets/Doors/Saloon Door Squeak 1.wav using Guid(53fd5fed6d4f94945ad3fba8b9cdc258) Importer(815301076,1909f56bfc062723c751e8b465ee728b)  -> (artifact id: 'ce29223f2b29bf9ec76ba0cb0015e059') in 0.012875 seconds 
========================================================================
Received Import Request.
  Time since last request: 8.741796 seconds.
  path: Assets/Western Demo Audio Assets/Player/Footstep Wood 3.wav
  artifactKey: Guid(fca8f0e6e6dee4a74ad60a9818eaa84e) Importer(815301076,1909f56bfc062723c751e8b465ee728b)
Start importing Assets/Western Demo Audio Assets/Player/Footstep Wood 3.wav using Guid(fca8f0e6e6dee4a74ad60a9818eaa84e) Importer(815301076,1909f56bfc062723c751e8b465ee728b)  -> (artifact id: 'fcdd9b6462b0935a97c5b1b3c22d8e7c') in 0.008544 seconds 
========================================================================
Received Import Request.
  Time since last request: 0.000014 seconds.
  path: Assets/Western Demo Audio Assets/Player/Footstep Wood Scuff.wav
  artifactKey: Guid(ea9b2332b8b1744c890c86fbd70744a3) Importer(815301076,1909f56bfc062723c751e8b465ee728b)
Start importing Assets/Western Demo Audio Assets/Player/Footstep Wood Scuff.wav using Guid(ea9b2332b8b1744c890c86fbd70744a3) Importer(815301076,1909f56bfc062723c751e8b465ee728b)  -> (artifact id: '8ff2b562029f9b8df6a064d8c101309b') in 0.009929 seconds 
========================================================================
Received Import Request.
  Time since last request: 0.000015 seconds.
  path: Assets/Western Demo Audio Assets/Player/Sand New Land.wav
  artifactKey: Guid(8dfc580618850428e904fc73c87a36db) Importer(815301076,1909f56bfc062723c751e8b465ee728b)
Start importing Assets/Western Demo Audio Assets/Player/Sand New Land.wav using Guid(8dfc580618850428e904fc73c87a36db) Importer(815301076,1909f56bfc062723c751e8b465ee728b)  -> (artifact id: 'f98ea1e0b9f88cce20f2da4f81427457') in 0.011592 seconds 
========================================================================
Received Import Request.
  Time since last request: 0.000016 seconds.
  path: Assets/Western Demo Audio Assets/Player/Sand New Jump.wav
  artifactKey: Guid(bc7ef992cb4fe49a7855e3b508a0584c) Importer(815301076,1909f56bfc062723c751e8b465ee728b)
Start importing Assets/Western Demo Audio Assets/Player/Sand New Jump.wav using Guid(bc7ef992cb4fe49a7855e3b508a0584c) Importer(815301076,1909f56bfc062723c751e8b465ee728b)  -> (artifact id: '428719eb6ce75d7c68968e48d6b86414') in 0.043588 seconds 
========================================================================
Received Import Request.
  Time since last request: 8.342152 seconds.
  path: Assets/Western Demo Audio Assets/Piano/Piano 3.wav
  artifactKey: Guid(455c8f13b43da462e85f60af32a95fb6) Importer(815301076,1909f56bfc062723c751e8b465ee728b)
Start importing Assets/Western Demo Audio Assets/Piano/Piano 3.wav using Guid(455c8f13b43da462e85f60af32a95fb6) Importer(815301076,1909f56bfc062723c751e8b465ee728b)  -> (artifact id: '5d7160c8e1c9dcd73355168b5cd86642') in 0.013137 seconds 
========================================================================
Received Import Request.
  Time since last request: 0.000014 seconds.
  path: Assets/Western Demo Audio Assets/Piano/Piano 7.wav
  artifactKey: Guid(164474b906c5c452bbf98c87e3c3efb8) Importer(815301076,1909f56bfc062723c751e8b465ee728b)
Start importing Assets/Western Demo Audio Assets/Piano/Piano 7.wav using Guid(164474b906c5c452bbf98c87e3c3efb8) Importer(815301076,1909f56bfc062723c751e8b465ee728b)  -> (artifact id: '2fdd7920dd92a6eb59bc4c0dfd9767c5') in 0.084889 seconds 
========================================================================
Received Import Request.
  Time since last request: 0.545684 seconds.
  path: Assets/Western Demo Audio Assets/Objects/Box Slide Closed.wav
  artifactKey: Guid(1b8751f3dba4b4b688db5c8cbb6c32bd) Importer(815301076,1909f56bfc062723c751e8b465ee728b)
Start importing Assets/Western Demo Audio Assets/Objects/Box Slide Closed.wav using Guid(1b8751f3dba4b4b688db5c8cbb6c32bd) Importer(815301076,1909f56bfc062723c751e8b465ee728b)  -> (artifact id: '84252546384a365fda1210e318c801b7') in 0.008243 seconds 
========================================================================
Received Import Request.
  Time since last request: 0.000016 seconds.
  path: Assets/Western Demo Audio Assets/Objects/Furniture Bump 2.wav
  artifactKey: Guid(741d5d835393446e1b82dc5c5e27a8f3) Importer(815301076,1909f56bfc062723c751e8b465ee728b)
Start importing Assets/Western Demo Audio Assets/Objects/Furniture Bump 2.wav using Guid(741d5d835393446e1b82dc5c5e27a8f3) Importer(815301076,1909f56bfc062723c751e8b465ee728b)  -> (artifact id: '39929950704b6af66d33163c1cdf357f') in 0.009510 seconds 
========================================================================
Received Import Request.
  Time since last request: 0.000058 seconds.
  path: Assets/Western Demo Audio Assets/Objects/Tumbleweed 3.wav
  artifactKey: Guid(19d900beae36741c1aa52d5b07007e89) Importer(815301076,1909f56bfc062723c751e8b465ee728b)
Start importing Assets/Western Demo Audio Assets/Objects/Tumbleweed 3.wav using Guid(19d900beae36741c1aa52d5b07007e89) Importer(815301076,1909f56bfc062723c751e8b465ee728b)  -> (artifact id: '20a4e071a22c3d043df5bd8116c8399f') in 0.009703 seconds 
========================================================================
Received Import Request.
  Time since last request: 0.000017 seconds.
  path: Assets/Western Demo Audio Assets/Objects/Wood Item Drop 3.wav
  artifactKey: Guid(ce42aa9d3313140d38949492e4da9311) Importer(815301076,1909f56bfc062723c751e8b465ee728b)
Start importing Assets/Western Demo Audio Assets/Objects/Wood Item Drop 3.wav using Guid(ce42aa9d3313140d38949492e4da9311) Importer(815301076,1909f56bfc062723c751e8b465ee728b)  -> (artifact id: '78701c3c54b68f6ce3bf975326dc7376') in 0.009018 seconds 
========================================================================
Received Import Request.
  Time since last request: 0.000019 seconds.
  path: Assets/Western Demo Audio Assets/Objects/Wood Item Drop 1.wav
  artifactKey: Guid(673d7767c520a469985cb49759328145) Importer(815301076,1909f56bfc062723c751e8b465ee728b)
Start importing Assets/Western Demo Audio Assets/Objects/Wood Item Drop 1.wav using Guid(673d7767c520a469985cb49759328145) Importer(815301076,1909f56bfc062723c751e8b465ee728b)  -> (artifact id: '56556aa56ec9d8a60a4fc58968b29319') in 0.008851 seconds 
========================================================================
Received Import Request.
  Time since last request: 14.487686 seconds.
  path: Assets/Western Demo Audio Assets/Environment/Gas Loop.wav
  artifactKey: Guid(1b873cbb2ec4240b48f73457002f03d2) Importer(815301076,1909f56bfc062723c751e8b465ee728b)
Start importing Assets/Western Demo Audio Assets/Environment/Gas Loop.wav using Guid(1b873cbb2ec4240b48f73457002f03d2) Importer(815301076,1909f56bfc062723c751e8b465ee728b)  -> (artifact id: 'a407d664d6aa07e57519f3c76439f04f') in 0.010230 seconds 
========================================================================
Received Prepare
Registering precompiled user dll's ...
Registered in 0.004660 seconds.
Begin MonoManager ReloadAssembly
Symbol file LoadedFromMemory doesn't match image D:\Universidad\Proyectos Unity\disdevi05_t9_lab\disdevi05_t9_lab\Library\PackageCache\com.unity.visualscripting@1.7.8\Editor\VisualScripting.Core\Dependencies\YamlDotNet\Unity.VisualScripting.YamlDotNet.dll
Symbol file LoadedFromMemory doesn't match image D:\Universidad\Proyectos Unity\disdevi05_t9_lab\disdevi05_t9_lab\Library\PackageCache\com.unity.visualscripting@1.7.8\Editor\VisualScripting.Core\Dependencies\DotNetZip\Unity.VisualScripting.IonicZip.dll
Native extension for WindowsStandalone target not found
Refreshing native plugins compatible for Editor in 0.73 ms, found 3 plugins.
Preloading 0 native plugins for Editor in 0.00 ms.
Mono: successfully reloaded assembly
- Completed reload, in  0.977 seconds
Domain Reload Profiling:
	ReloadAssembly (978ms)
		BeginReloadAssembly (148ms)
			ExecutionOrderSort (0ms)
			DisableScriptedObjects (4ms)
			BackupInstance (0ms)
			ReleaseScriptingObjects (0ms)
			CreateAndSetChildDomain (34ms)
		EndReloadAssembly (745ms)
			LoadAssemblies (108ms)
			RebuildTransferFunctionScriptingTraits (0ms)
			SetupTypeCache (279ms)
			ReleaseScriptCaches (1ms)
			RebuildScriptCaches (36ms)
			SetupLoadedEditorAssemblies (311ms)
				LogAssemblyErrors (0ms)
				InitializePlatformSupportModulesInManaged (9ms)
				SetLoadedEditorAssemblies (1ms)
				RefreshPlugins (1ms)
				BeforeProcessingInitializeOnLoad (52ms)
				ProcessInitializeOnLoadAttributes (222ms)
				ProcessInitializeOnLoadMethodAttributes (24ms)
				AfterProcessingInitializeOnLoad (2ms)
				EditorAssembliesLoaded (0ms)
			ExecutionOrderSort2 (0ms)
			AwakeInstancesAfterBackupRestoration (7ms)
Platform modules already initialized, skipping
Refreshing native plugins compatible for Editor in 1.61 ms, found 3 plugins.
Preloading 0 native plugins for Editor in 0.00 ms.
Unloading 3726 Unused Serialized files (Serialized files now loaded: 0)
Unloading 31 unused Assets / (80.6 KB). Loaded Objects now: 4233.
Memory consumption went from 138.4 MB to 138.3 MB.
Total: 2.418200 ms (FindLiveObjects: 0.241600 ms CreateObjectMapping: 0.150000 ms MarkObjects: 1.951300 ms  DeleteObjects: 0.074700 ms)

AssetImportParameters requested are different than current active one (requested -> active):
  custom:video-decoder-ogg-theora: a1e56fd34408186e4bbccfd4996cb3dc -> 
  custom:container-muxer-webm: aa71ff27fc2769a1b78a27578f13a17b -> 
  custom:container-demuxer-webm: 4f35f7cbe854078d1ac9338744f61a02 -> 
  custom:video-encoder-webm-vp8: eb34c28f22e8b96e1ab97ce403110664 -> 
  custom:audio-encoder-webm-vorbis: bf7c407c2cedff20999df2af8eb42d56 -> 
  custom:framework-win-MediaFoundation: 216162199b28c13a410421893ffa2e32 -> 
  custom:container-demuxer-ogg: 62fdf1f143b41e24485cea50d1cbac27 -> 
  custom:video-decoder-webm-vp8: 9c59270c3fd7afecdb556c50c9e8de78 -> 
  custom:audio-decoder-ogg-vorbis: bf7c407c2cedff20999df2af8eb42d56 -> 
========================================================================
Received Prepare
Registering precompiled user dll's ...
Registered in 0.004343 seconds.
Begin MonoManager ReloadAssembly
Symbol file LoadedFromMemory doesn't match image D:\Universidad\Proyectos Unity\disdevi05_t9_lab\disdevi05_t9_lab\Library\PackageCache\com.unity.visualscripting@1.7.8\Editor\VisualScripting.Core\Dependencies\YamlDotNet\Unity.VisualScripting.YamlDotNet.dll
Symbol file LoadedFromMemory doesn't match image D:\Universidad\Proyectos Unity\disdevi05_t9_lab\disdevi05_t9_lab\Library\PackageCache\com.unity.visualscripting@1.7.8\Editor\VisualScripting.Core\Dependencies\DotNetZip\Unity.VisualScripting.IonicZip.dll
Native extension for WindowsStandalone target not found
Refreshing native plugins compatible for Editor in 0.59 ms, found 3 plugins.
Preloading 0 native plugins for Editor in 0.00 ms.
Mono: successfully reloaded assembly
- Completed reload, in  1.004 seconds
Domain Reload Profiling:
	ReloadAssembly (1005ms)
		BeginReloadAssembly (148ms)
			ExecutionOrderSort (0ms)
			DisableScriptedObjects (4ms)
			BackupInstance (0ms)
			ReleaseScriptingObjects (0ms)
			CreateAndSetChildDomain (31ms)
		EndReloadAssembly (763ms)
			LoadAssemblies (112ms)
			RebuildTransferFunctionScriptingTraits (0ms)
			SetupTypeCache (264ms)
			ReleaseScriptCaches (1ms)
			RebuildScriptCaches (42ms)
			SetupLoadedEditorAssemblies (340ms)
				LogAssemblyErrors (0ms)
				InitializePlatformSupportModulesInManaged (10ms)
				SetLoadedEditorAssemblies (0ms)
				RefreshPlugins (1ms)
				BeforeProcessingInitializeOnLoad (56ms)
				ProcessInitializeOnLoadAttributes (240ms)
				ProcessInitializeOnLoadMethodAttributes (31ms)
				AfterProcessingInitializeOnLoad (3ms)
				EditorAssembliesLoaded (0ms)
			ExecutionOrderSort2 (0ms)
			AwakeInstancesAfterBackupRestoration (7ms)
Platform modules already initialized, skipping
Refreshing native plugins compatible for Editor in 1.63 ms, found 3 plugins.
Preloading 0 native plugins for Editor in 0.00 ms.
Unloading 3726 Unused Serialized files (Serialized files now loaded: 0)
Unloading 21 unused Assets / (80.6 KB). Loaded Objects now: 4236.
Memory consumption went from 138.4 MB to 138.3 MB.
Total: 3.945000 ms (FindLiveObjects: 0.326000 ms CreateObjectMapping: 0.289100 ms MarkObjects: 3.233600 ms  DeleteObjects: 0.095500 ms)

AssetImportParameters requested are different than current active one (requested -> active):
  custom:video-decoder-ogg-theora: a1e56fd34408186e4bbccfd4996cb3dc -> 
  custom:container-muxer-webm: aa71ff27fc2769a1b78a27578f13a17b -> 
  custom:container-demuxer-webm: 4f35f7cbe854078d1ac9338744f61a02 -> 
  custom:video-encoder-webm-vp8: eb34c28f22e8b96e1ab97ce403110664 -> 
  custom:audio-encoder-webm-vorbis: bf7c407c2cedff20999df2af8eb42d56 -> 
  custom:framework-win-MediaFoundation: 216162199b28c13a410421893ffa2e32 -> 
  custom:container-demuxer-ogg: 62fdf1f143b41e24485cea50d1cbac27 -> 
  custom:video-decoder-webm-vp8: 9c59270c3fd7afecdb556c50c9e8de78 -> 
  custom:audio-decoder-ogg-vorbis: bf7c407c2cedff20999df2af8eb42d56 -> 
Editor requested this worker to shutdown with reason: Scaling down because of idle timeout
AssetImportWorker is now disconnected from the server
Process exiting
Exiting without the bug reporter. Application will terminate with return code 0