Using pre-set license
Built from '2021.3/release' branch; Version is '2021.3.12f1 (8af3c3e441b1) revision 9106371'; Using compiler version '192829333'; Build Type 'Release'
OS: 'Windows 10  (10.0.19044) 64bit Professional' Language: 'es' Physical Memory: 65400 MB
BatchMode: 1, IsHumanControllingUs: 0, StartBugReporterOnCrash: 0, Is64bit: 1, IsPro: 1

COMMAND LINE ARGUMENTS:
D:\UnityEditor\2021.3.12f1\Editor\Unity.exe
-adb2
-batchMode
-noUpm
-name
AssetImportWorker2
-projectPath
D:/Universidad/Proyectos Unity/disdevi05_t9_lab/disdevi05_t9_lab
-logFile
Logs/AssetImportWorker2.log
-srvPort
65234
Successfully changed project path to: D:/Universidad/Proyectos Unity/disdevi05_t9_lab/disdevi05_t9_lab
D:/Universidad/Proyectos Unity/disdevi05_t9_lab/disdevi05_t9_lab
[UnityMemory] Configuration Parameters - Can be set up in boot.config
    "memorysetup-bucket-allocator-granularity=16"
    "memorysetup-bucket-allocator-bucket-count=8"
    "memorysetup-bucket-allocator-block-size=33554432"
    "memorysetup-bucket-allocator-block-count=8"
    "memorysetup-main-allocator-block-size=16777216"
    "memorysetup-thread-allocator-block-size=16777216"
    "memorysetup-gfx-main-allocator-block-size=16777216"
    "memorysetup-gfx-thread-allocator-block-size=16777216"
    "memorysetup-cache-allocator-block-size=4194304"
    "memorysetup-typetree-allocator-block-size=2097152"
    "memorysetup-profiler-bucket-allocator-granularity=16"
    "memorysetup-profiler-bucket-allocator-bucket-count=8"
    "memorysetup-profiler-bucket-allocator-block-size=33554432"
    "memorysetup-profiler-bucket-allocator-block-count=8"
    "memorysetup-profiler-allocator-block-size=16777216"
    "memorysetup-profiler-editor-allocator-block-size=1048576"
    "memorysetup-temp-allocator-size-main=16777216"
    "memorysetup-job-temp-allocator-block-size=2097152"
    "memorysetup-job-temp-allocator-block-size-background=1048576"
    "memorysetup-job-temp-allocator-reduction-small-platforms=262144"
    "memorysetup-temp-allocator-size-background-worker=32768"
    "memorysetup-temp-allocator-size-job-worker=262144"
    "memorysetup-temp-allocator-size-preload-manager=33554432"
    "memorysetup-temp-allocator-size-nav-mesh-worker=65536"
    "memorysetup-temp-allocator-size-audio-worker=65536"
    "memorysetup-temp-allocator-size-cloud-worker=32768"
    "memorysetup-temp-allocator-size-gi-baking-worker=262144"
    "memorysetup-temp-allocator-size-gfx=262144"
Refreshing native plugins compatible for Editor in 108.55 ms, found 3 plugins.
Preloading 0 native plugins for Editor in 0.00 ms.
Initialize engine version: 2021.3.12f1 (8af3c3e441b1)
[Subsystems] Discovering subsystems at path D:/UnityEditor/2021.3.12f1/Editor/Data/Resources/UnitySubsystems
[Subsystems] Discovering subsystems at path D:/Universidad/Proyectos Unity/disdevi05_t9_lab/disdevi05_t9_lab/Assets
GfxDevice: creating device client; threaded=0; jobified=0
Direct3D:
    Version:  Direct3D 11.0 [level 11.1]
    Renderer: NVIDIA GeForce RTX 3080 (ID=0x2206)
    Vendor:   NVIDIA
    VRAM:     10067 MB
    Driver:   31.0.15.2756
Initialize mono
Mono path[0] = 'D:/UnityEditor/2021.3.12f1/Editor/Data/Managed'
Mono path[1] = 'D:/UnityEditor/2021.3.12f1/Editor/Data/MonoBleedingEdge/lib/mono/unityjit-win32'
Mono config path = 'D:/UnityEditor/2021.3.12f1/Editor/Data/MonoBleedingEdge/etc'
Using monoOptions --debugger-agent=transport=dt_socket,embedding=1,server=y,suspend=n,address=127.0.0.1:56476
Begin MonoManager ReloadAssembly
Registering precompiled unity dll's ...
Register platform support module: D:/UnityEditor/2021.3.12f1/Editor/Data/PlaybackEngines/WindowsStandaloneSupport/UnityEditor.WindowsStandalone.Extensions.dll
Registered in 0.001958 seconds.
Native extension for WindowsStandalone target not found
Refreshing native plugins compatible for Editor in 91.15 ms, found 3 plugins.
Preloading 0 native plugins for Editor in 0.00 ms.
Mono: successfully reloaded assembly
- Completed reload, in  0.567 seconds
Domain Reload Profiling:
	ReloadAssembly (568ms)
		BeginReloadAssembly (71ms)
			ExecutionOrderSort (0ms)
			DisableScriptedObjects (0ms)
			BackupInstance (0ms)
			ReleaseScriptingObjects (0ms)
			CreateAndSetChildDomain (1ms)
		EndReloadAssembly (417ms)
			LoadAssemblies (71ms)
			RebuildTransferFunctionScriptingTraits (0ms)
			SetupTypeCache (93ms)
			ReleaseScriptCaches (0ms)
			RebuildScriptCaches (24ms)
			SetupLoadedEditorAssemblies (261ms)
				LogAssemblyErrors (0ms)
				InitializePlatformSupportModulesInManaged (5ms)
				SetLoadedEditorAssemblies (0ms)
				RefreshPlugins (91ms)
				BeforeProcessingInitializeOnLoad (1ms)
				ProcessInitializeOnLoadAttributes (119ms)
				ProcessInitializeOnLoadMethodAttributes (44ms)
				AfterProcessingInitializeOnLoad (0ms)
				EditorAssembliesLoaded (0ms)
			ExecutionOrderSort2 (0ms)
			AwakeInstancesAfterBackupRestoration (0ms)
Platform modules already initialized, skipping
Registering precompiled user dll's ...
Registered in 0.004150 seconds.
Begin MonoManager ReloadAssembly
Symbol file LoadedFromMemory doesn't match image D:\Universidad\Proyectos Unity\disdevi05_t9_lab\disdevi05_t9_lab\Library\PackageCache\com.unity.visualscripting@1.7.8\Editor\VisualScripting.Core\Dependencies\YamlDotNet\Unity.VisualScripting.YamlDotNet.dll
Symbol file LoadedFromMemory doesn't match image D:\Universidad\Proyectos Unity\disdevi05_t9_lab\disdevi05_t9_lab\Library\PackageCache\com.unity.visualscripting@1.7.8\Editor\VisualScripting.Core\Dependencies\DotNetZip\Unity.VisualScripting.IonicZip.dll
Native extension for WindowsStandalone target not found
Refreshing native plugins compatible for Editor in 94.86 ms, found 3 plugins.
Preloading 0 native plugins for Editor in 0.00 ms.
Mono: successfully reloaded assembly
- Completed reload, in  1.038 seconds
Domain Reload Profiling:
	ReloadAssembly (1038ms)
		BeginReloadAssembly (109ms)
			ExecutionOrderSort (0ms)
			DisableScriptedObjects (5ms)
			BackupInstance (0ms)
			ReleaseScriptingObjects (0ms)
			CreateAndSetChildDomain (16ms)
		EndReloadAssembly (838ms)
			LoadAssemblies (92ms)
			RebuildTransferFunctionScriptingTraits (0ms)
			SetupTypeCache (231ms)
			ReleaseScriptCaches (1ms)
			RebuildScriptCaches (43ms)
			SetupLoadedEditorAssemblies (457ms)
				LogAssemblyErrors (0ms)
				InitializePlatformSupportModulesInManaged (3ms)
				SetLoadedEditorAssemblies (0ms)
				RefreshPlugins (95ms)
				BeforeProcessingInitializeOnLoad (76ms)
				ProcessInitializeOnLoadAttributes (261ms)
				ProcessInitializeOnLoadMethodAttributes (20ms)
				AfterProcessingInitializeOnLoad (2ms)
				EditorAssembliesLoaded (0ms)
			ExecutionOrderSort2 (0ms)
			AwakeInstancesAfterBackupRestoration (5ms)
Platform modules already initialized, skipping
========================================================================
Worker process is ready to serve import requests
Launched and connected shader compiler UnityShaderCompiler.exe after 0.03 seconds
Refreshing native plugins compatible for Editor in 1.45 ms, found 3 plugins.
Preloading 0 native plugins for Editor in 0.00 ms.
Unloading 3754 Unused Serialized files (Serialized files now loaded: 0)
Unloading 30 unused Assets / (113.9 KB). Loaded Objects now: 4218.
Memory consumption went from 135.5 MB to 135.4 MB.
Total: 3.754300 ms (FindLiveObjects: 0.360400 ms CreateObjectMapping: 0.336400 ms MarkObjects: 2.952700 ms  DeleteObjects: 0.103800 ms)

AssetImportParameters requested are different than current active one (requested -> active):
  custom:video-decoder-ogg-theora: a1e56fd34408186e4bbccfd4996cb3dc -> 
  custom:container-muxer-webm: aa71ff27fc2769a1b78a27578f13a17b -> 
  custom:container-demuxer-webm: 4f35f7cbe854078d1ac9338744f61a02 -> 
  custom:video-encoder-webm-vp8: eb34c28f22e8b96e1ab97ce403110664 -> 
  custom:audio-encoder-webm-vorbis: bf7c407c2cedff20999df2af8eb42d56 -> 
  custom:framework-win-MediaFoundation: 216162199b28c13a410421893ffa2e32 -> 
  custom:container-demuxer-ogg: 62fdf1f143b41e24485cea50d1cbac27 -> 
  custom:video-decoder-webm-vp8: 9c59270c3fd7afecdb556c50c9e8de78 -> 
  custom:audio-decoder-ogg-vorbis: bf7c407c2cedff20999df2af8eb42d56 -> 
========================================================================
Received Import Request.
  Time since last request: 91780.287446 seconds.
  path: Assets/TooManyCrosshairs/Cursors/Cursors/Attack/Attack (1).png
  artifactKey: Guid(ea1c519cd2b77c0418eef7ed76054631) Importer(815301076,1909f56bfc062723c751e8b465ee728b)
Start importing Assets/TooManyCrosshairs/Cursors/Cursors/Attack/Attack (1).png using Guid(ea1c519cd2b77c0418eef7ed76054631) Importer(815301076,1909f56bfc062723c751e8b465ee728b)  -> (artifact id: '74229b08b9d71ebee854fdaed40ab0af') in 0.120844 seconds 
========================================================================
Received Import Request.
  Time since last request: 2.911778 seconds.
  path: Assets/TooManyCrosshairs/Cursors/Cursors/Build.png
  artifactKey: Guid(e2ba5f6f4fe0d6b4990b7dffb6d21f06) Importer(815301076,1909f56bfc062723c751e8b465ee728b)
Start importing Assets/TooManyCrosshairs/Cursors/Cursors/Build.png using Guid(e2ba5f6f4fe0d6b4990b7dffb6d21f06) Importer(815301076,1909f56bfc062723c751e8b465ee728b)  -> (artifact id: '9fa2e835e4d5abfdb89ba6a6243a0562') in 0.009597 seconds 
========================================================================
Received Import Request.
  Time since last request: 0.334120 seconds.
  path: Assets/TooManyCrosshairs/Cursors/Cursors/Build/Build (2).png
  artifactKey: Guid(5b780c2bfcee05042b11cd8db48641eb) Importer(815301076,1909f56bfc062723c751e8b465ee728b)
Start importing Assets/TooManyCrosshairs/Cursors/Cursors/Build/Build (2).png using Guid(5b780c2bfcee05042b11cd8db48641eb) Importer(815301076,1909f56bfc062723c751e8b465ee728b)  -> (artifact id: '896e85ab2a37a64c91176e03d76a4d2b') in 0.010332 seconds 
========================================================================
Received Import Request.
  Time since last request: 0.015707 seconds.
  path: Assets/TooManyCrosshairs/Cursors/Cursors/Build/Build (4).png
  artifactKey: Guid(8ebe74746addda24c938d2e315bee2f2) Importer(815301076,1909f56bfc062723c751e8b465ee728b)
Start importing Assets/TooManyCrosshairs/Cursors/Cursors/Build/Build (4).png using Guid(8ebe74746addda24c938d2e315bee2f2) Importer(815301076,1909f56bfc062723c751e8b465ee728b)  -> (artifact id: 'c811420fae48f6b3b86b45de5780f31e') in 0.009699 seconds 
========================================================================
Received Import Request.
  Time since last request: 0.057939 seconds.
  path: Assets/TooManyCrosshairs/Cursors/Cursors/Build/Build (6).png
  artifactKey: Guid(5e28c35a8060d064daa277f2eba11ecd) Importer(815301076,1909f56bfc062723c751e8b465ee728b)
Start importing Assets/TooManyCrosshairs/Cursors/Cursors/Build/Build (6).png using Guid(5e28c35a8060d064daa277f2eba11ecd) Importer(815301076,1909f56bfc062723c751e8b465ee728b)  -> (artifact id: '1eeeeb4a7eed323f2f7cb5f8ef2949d1') in 0.009254 seconds 
========================================================================
Received Import Request.
  Time since last request: 0.344782 seconds.
  path: Packages/com.unity.collab-proxy/Editor/PlasticSCM/Assets/Images/buttonssosigninemail.png
  artifactKey: Guid(d24e7e0b75e1a244bb9687d6fd4315ef) Importer(815301076,1909f56bfc062723c751e8b465ee728b)
Start importing Packages/com.unity.collab-proxy/Editor/PlasticSCM/Assets/Images/buttonssosigninemail.png using Guid(d24e7e0b75e1a244bb9687d6fd4315ef) Importer(815301076,1909f56bfc062723c751e8b465ee728b)  -> (artifact id: '60110628988add16e0c7e9327e9cc15b') in 0.035379 seconds 
========================================================================
Received Import Request.
  Time since last request: 0.128618 seconds.
  path: Packages/com.unity.collab-proxy/Editor/PlasticSCM/Assets/Images/buttonssosigningoogle.png
  artifactKey: Guid(f09eae8c0ea04254b90c5386a034a225) Importer(815301076,1909f56bfc062723c751e8b465ee728b)
Start importing Packages/com.unity.collab-proxy/Editor/PlasticSCM/Assets/Images/buttonssosigningoogle.png using Guid(f09eae8c0ea04254b90c5386a034a225) Importer(815301076,1909f56bfc062723c751e8b465ee728b)  -> (artifact id: 'dc029fd442f150c2a6f3d843407686c7') in 0.065649 seconds 
========================================================================
Received Import Request.
  Time since last request: 0.401880 seconds.
  path: Packages/com.unity.collab-proxy/Editor/PlasticSCM/Assets/Images/d_buttonssosigninemail@2x.png
  artifactKey: Guid(144aa74618b85974a9a50f612c2fa8fd) Importer(815301076,1909f56bfc062723c751e8b465ee728b)
Start importing Packages/com.unity.collab-proxy/Editor/PlasticSCM/Assets/Images/d_buttonssosigninemail@2x.png using Guid(144aa74618b85974a9a50f612c2fa8fd) Importer(815301076,1909f56bfc062723c751e8b465ee728b)  -> (artifact id: '240c5ad99a9ed214bdba6377fa547014') in 0.032281 seconds 
========================================================================
Received Import Request.
  Time since last request: 0.031289 seconds.
  path: Packages/com.unity.collab-proxy/Editor/PlasticSCM/Assets/Images/d_cloudbuhoshechristmas.png
  artifactKey: Guid(9c0d6ec706e01ce448aea81584af092b) Importer(815301076,1909f56bfc062723c751e8b465ee728b)
Start importing Packages/com.unity.collab-proxy/Editor/PlasticSCM/Assets/Images/d_cloudbuhoshechristmas.png using Guid(9c0d6ec706e01ce448aea81584af092b) Importer(815301076,1909f56bfc062723c751e8b465ee728b)  -> (artifact id: 'b62e8368a3c3fde9488ee256b849891e') in 0.062926 seconds 
========================================================================
Received Import Request.
  Time since last request: 0.260293 seconds.
  path: Packages/com.unity.collab-proxy/Editor/PlasticSCM/Assets/Images/d_colorbuhochristmas.png
  artifactKey: Guid(fd098fb4cf57bad419701c802e442b7e) Importer(815301076,1909f56bfc062723c751e8b465ee728b)
Start importing Packages/com.unity.collab-proxy/Editor/PlasticSCM/Assets/Images/d_colorbuhochristmas.png using Guid(fd098fb4cf57bad419701c802e442b7e) Importer(815301076,1909f56bfc062723c751e8b465ee728b)  -> (artifact id: '7d7e24cf0970573175638c8a7633bfbf') in 0.076513 seconds 
========================================================================
Received Prepare
Registering precompiled user dll's ...
Registered in 0.004079 seconds.
Begin MonoManager ReloadAssembly
Symbol file LoadedFromMemory doesn't match image D:\Universidad\Proyectos Unity\disdevi05_t9_lab\disdevi05_t9_lab\Library\PackageCache\com.unity.visualscripting@1.7.8\Editor\VisualScripting.Core\Dependencies\YamlDotNet\Unity.VisualScripting.YamlDotNet.dll
Symbol file LoadedFromMemory doesn't match image D:\Universidad\Proyectos Unity\disdevi05_t9_lab\disdevi05_t9_lab\Library\PackageCache\com.unity.visualscripting@1.7.8\Editor\VisualScripting.Core\Dependencies\DotNetZip\Unity.VisualScripting.IonicZip.dll
Native extension for WindowsStandalone target not found
Refreshing native plugins compatible for Editor in 0.81 ms, found 3 plugins.
Preloading 0 native plugins for Editor in 0.00 ms.
Mono: successfully reloaded assembly
- Completed reload, in  0.993 seconds
Domain Reload Profiling:
	ReloadAssembly (993ms)
		BeginReloadAssembly (143ms)
			ExecutionOrderSort (0ms)
			DisableScriptedObjects (5ms)
			BackupInstance (0ms)
			ReleaseScriptingObjects (0ms)
			CreateAndSetChildDomain (31ms)
		EndReloadAssembly (767ms)
			LoadAssemblies (106ms)
			RebuildTransferFunctionScriptingTraits (0ms)
			SetupTypeCache (266ms)
			ReleaseScriptCaches (1ms)
			RebuildScriptCaches (39ms)
			SetupLoadedEditorAssemblies (339ms)
				LogAssemblyErrors (0ms)
				InitializePlatformSupportModulesInManaged (10ms)
				SetLoadedEditorAssemblies (0ms)
				RefreshPlugins (1ms)
				BeforeProcessingInitializeOnLoad (53ms)
				ProcessInitializeOnLoadAttributes (242ms)
				ProcessInitializeOnLoadMethodAttributes (30ms)
				AfterProcessingInitializeOnLoad (3ms)
				EditorAssembliesLoaded (0ms)
			ExecutionOrderSort2 (0ms)
			AwakeInstancesAfterBackupRestoration (8ms)
Platform modules already initialized, skipping
Refreshing native plugins compatible for Editor in 2.30 ms, found 3 plugins.
Preloading 0 native plugins for Editor in 0.00 ms.
Unloading 3736 Unused Serialized files (Serialized files now loaded: 0)
Unloading 21 unused Assets / (80.5 KB). Loaded Objects now: 4242.
Memory consumption went from 138.5 MB to 138.4 MB.
Total: 4.148800 ms (FindLiveObjects: 0.329100 ms CreateObjectMapping: 0.308800 ms MarkObjects: 3.407600 ms  DeleteObjects: 0.099700 ms)

AssetImportParameters requested are different than current active one (requested -> active):
  custom:video-decoder-ogg-theora: a1e56fd34408186e4bbccfd4996cb3dc -> 
  custom:container-muxer-webm: aa71ff27fc2769a1b78a27578f13a17b -> 
  custom:container-demuxer-webm: 4f35f7cbe854078d1ac9338744f61a02 -> 
  custom:video-encoder-webm-vp8: eb34c28f22e8b96e1ab97ce403110664 -> 
  custom:audio-encoder-webm-vorbis: bf7c407c2cedff20999df2af8eb42d56 -> 
  custom:framework-win-MediaFoundation: 216162199b28c13a410421893ffa2e32 -> 
  custom:container-demuxer-ogg: 62fdf1f143b41e24485cea50d1cbac27 -> 
  custom:video-decoder-webm-vp8: 9c59270c3fd7afecdb556c50c9e8de78 -> 
  custom:audio-decoder-ogg-vorbis: bf7c407c2cedff20999df2af8eb42d56 -> 
========================================================================
Received Import Request.
  Time since last request: 62.574785 seconds.
  path: Assets/Western Demo Audio Assets/Doors
  artifactKey: Guid(48de052a6c0724074bb4e052f3da0312) Importer(815301076,1909f56bfc062723c751e8b465ee728b)
Start importing Assets/Western Demo Audio Assets/Doors using Guid(48de052a6c0724074bb4e052f3da0312) Importer(815301076,1909f56bfc062723c751e8b465ee728b)  -> (artifact id: '3c4352ab73585afbf9213dd2eb92968d') in 0.008498 seconds 
========================================================================
Received Import Request.
  Time since last request: 0.079163 seconds.
  path: Assets/Western Demo Audio Assets/Doors/Door Close 1.wav
  artifactKey: Guid(dee1c92d1a13f4459b070de962777e98) Importer(815301076,1909f56bfc062723c751e8b465ee728b)
Start importing Assets/Western Demo Audio Assets/Doors/Door Close 1.wav using Guid(dee1c92d1a13f4459b070de962777e98) Importer(815301076,1909f56bfc062723c751e8b465ee728b)  -> (artifact id: 'a4e76e0726de30a9314eef2f03437b30') in 0.063886 seconds 
========================================================================
Received Import Request.
  Time since last request: 0.000016 seconds.
  path: Assets/Western Demo Audio Assets/Doors/Patio Squeak 2.wav
  artifactKey: Guid(c21fa22da4c9241d3aa1bd50e667b77d) Importer(815301076,1909f56bfc062723c751e8b465ee728b)
Start importing Assets/Western Demo Audio Assets/Doors/Patio Squeak 2.wav using Guid(c21fa22da4c9241d3aa1bd50e667b77d) Importer(815301076,1909f56bfc062723c751e8b465ee728b)  -> (artifact id: '78e95e4609a33cd2574fd03bed7fb2e3') in 0.009796 seconds 
========================================================================
Received Import Request.
  Time since last request: 0.000015 seconds.
  path: Assets/Western Demo Audio Assets/Doors/Window Open.wav
  artifactKey: Guid(be7c9a3e9bc344a01b53e963a6604874) Importer(815301076,1909f56bfc062723c751e8b465ee728b)
Start importing Assets/Western Demo Audio Assets/Doors/Window Open.wav using Guid(be7c9a3e9bc344a01b53e963a6604874) Importer(815301076,1909f56bfc062723c751e8b465ee728b)  -> (artifact id: '1fa40f30172ae74d00c05b668c93bdcf') in 0.017161 seconds 
========================================================================
Received Import Request.
  Time since last request: 0.000019 seconds.
  path: Assets/Western Demo Audio Assets/Doors/Saloon Door 2.wav
  artifactKey: Guid(70d8166e18b6543c69cf4515dcb97da7) Importer(815301076,1909f56bfc062723c751e8b465ee728b)
Start importing Assets/Western Demo Audio Assets/Doors/Saloon Door 2.wav using Guid(70d8166e18b6543c69cf4515dcb97da7) Importer(815301076,1909f56bfc062723c751e8b465ee728b)  -> (artifact id: '75147337b1b66087b2b5ef9c7808c2bd') in 0.034252 seconds 
========================================================================
Received Import Request.
  Time since last request: 0.000018 seconds.
  path: Assets/Western Demo Audio Assets/Doors/Saloon Door 1.wav
  artifactKey: Guid(8e8471130f50b44b2a034f3ecfcd1700) Importer(815301076,1909f56bfc062723c751e8b465ee728b)
Start importing Assets/Western Demo Audio Assets/Doors/Saloon Door 1.wav using Guid(8e8471130f50b44b2a034f3ecfcd1700) Importer(815301076,1909f56bfc062723c751e8b465ee728b)  -> (artifact id: '45557ecc5efab35471546a687c3595a6') in 0.018573 seconds 
========================================================================
Received Import Request.
  Time since last request: 8.755671 seconds.
  path: Assets/Western Demo Audio Assets/Player/Footstep Wood 1.wav
  artifactKey: Guid(04e4402f821e6471094d05dd86ce31bf) Importer(815301076,1909f56bfc062723c751e8b465ee728b)
Start importing Assets/Western Demo Audio Assets/Player/Footstep Wood 1.wav using Guid(04e4402f821e6471094d05dd86ce31bf) Importer(815301076,1909f56bfc062723c751e8b465ee728b)  -> (artifact id: 'da7d665409bc5f63bcb038d5724b6fbb') in 0.009523 seconds 
========================================================================
Received Import Request.
  Time since last request: 0.000015 seconds.
  path: Assets/Western Demo Audio Assets/Player/Sand Footstep new 2.wav
  artifactKey: Guid(fd944e20ee6444efa87cef28957898aa) Importer(815301076,1909f56bfc062723c751e8b465ee728b)
Start importing Assets/Western Demo Audio Assets/Player/Sand Footstep new 2.wav using Guid(fd944e20ee6444efa87cef28957898aa) Importer(815301076,1909f56bfc062723c751e8b465ee728b)  -> (artifact id: '5775a30cce3d017740d621e48cf9db11') in 0.009244 seconds 
========================================================================
Received Import Request.
  Time since last request: 0.000012 seconds.
  path: Assets/Western Demo Audio Assets/Player/Footstep Wood 8.wav
  artifactKey: Guid(14473cf0621f64832b30c822c759815e) Importer(815301076,1909f56bfc062723c751e8b465ee728b)
Start importing Assets/Western Demo Audio Assets/Player/Footstep Wood 8.wav using Guid(14473cf0621f64832b30c822c759815e) Importer(815301076,1909f56bfc062723c751e8b465ee728b)  -> (artifact id: '9e287bd99567a42a12e1449e505a4e7a') in 0.013851 seconds 
========================================================================
Received Import Request.
  Time since last request: 0.000020 seconds.
  path: Assets/Western Demo Audio Assets/Player/Footstep Wood 7.wav
  artifactKey: Guid(6355f914973924103b21e248444ecfb5) Importer(815301076,1909f56bfc062723c751e8b465ee728b)
Start importing Assets/Western Demo Audio Assets/Player/Footstep Wood 7.wav using Guid(6355f914973924103b21e248444ecfb5) Importer(815301076,1909f56bfc062723c751e8b465ee728b)  -> (artifact id: '20127cc3cfe336cda6aa78be83ea2220') in 0.019838 seconds 
========================================================================
Received Import Request.
  Time since last request: 0.000016 seconds.
  path: Assets/Western Demo Audio Assets/Player/Footstep Wood Land.wav
  artifactKey: Guid(989c645726cca46c090eaf9f914579ed) Importer(815301076,1909f56bfc062723c751e8b465ee728b)
Start importing Assets/Western Demo Audio Assets/Player/Footstep Wood Land.wav using Guid(989c645726cca46c090eaf9f914579ed) Importer(815301076,1909f56bfc062723c751e8b465ee728b)  -> (artifact id: '859bcd299440be8f5158a4633b9ca1cd') in 0.013812 seconds 
========================================================================
Received Import Request.
  Time since last request: 8.342521 seconds.
  path: Assets/Western Demo Audio Assets/Piano/Piano 1.wav
  artifactKey: Guid(0a7a5b85dfddd49f5ba6750610dc5f8c) Importer(815301076,1909f56bfc062723c751e8b465ee728b)
Start importing Assets/Western Demo Audio Assets/Piano/Piano 1.wav using Guid(0a7a5b85dfddd49f5ba6750610dc5f8c) Importer(815301076,1909f56bfc062723c751e8b465ee728b)  -> (artifact id: '5343e987f7d6b6707c008522034d7053') in 0.021425 seconds 
========================================================================
Received Import Request.
  Time since last request: 0.000014 seconds.
  path: Assets/Western Demo Audio Assets/Piano/Piano 9.wav
  artifactKey: Guid(fc730b291933343d1ab881587cb8b1a6) Importer(815301076,1909f56bfc062723c751e8b465ee728b)
Start importing Assets/Western Demo Audio Assets/Piano/Piano 9.wav using Guid(fc730b291933343d1ab881587cb8b1a6) Importer(815301076,1909f56bfc062723c751e8b465ee728b)  -> (artifact id: 'a1a1ede6bca69bfa93cf0f7d37d97e52') in 0.010611 seconds 
========================================================================
Received Import Request.
  Time since last request: 0.611518 seconds.
  path: Assets/Western Demo Audio Assets/Objects/Bar Bump 1.wav
  artifactKey: Guid(067fff9fa110449a89d5107775c2c467) Importer(815301076,1909f56bfc062723c751e8b465ee728b)
Start importing Assets/Western Demo Audio Assets/Objects/Bar Bump 1.wav using Guid(067fff9fa110449a89d5107775c2c467) Importer(815301076,1909f56bfc062723c751e8b465ee728b)  -> (artifact id: '642e934bad9687f7bdf460f775e2dc68') in 0.010005 seconds 
========================================================================
Received Import Request.
  Time since last request: 0.000013 seconds.
  path: Assets/Western Demo Audio Assets/Objects/Metal Cup Drop 1.wav
  artifactKey: Guid(1e4b0796170cc43a7ba72c858ab4ca2d) Importer(815301076,1909f56bfc062723c751e8b465ee728b)
Start importing Assets/Western Demo Audio Assets/Objects/Metal Cup Drop 1.wav using Guid(1e4b0796170cc43a7ba72c858ab4ca2d) Importer(815301076,1909f56bfc062723c751e8b465ee728b)  -> (artifact id: '048afeb893567436cf4641ab18aebfe1') in 0.010086 seconds 
========================================================================
Received Import Request.
  Time since last request: 0.000016 seconds.
  path: Assets/Western Demo Audio Assets/Objects/Tumbleweed 1.wav
  artifactKey: Guid(1984b6d3c2008496d970d19f71cc95b8) Importer(815301076,1909f56bfc062723c751e8b465ee728b)
Start importing Assets/Western Demo Audio Assets/Objects/Tumbleweed 1.wav using Guid(1984b6d3c2008496d970d19f71cc95b8) Importer(815301076,1909f56bfc062723c751e8b465ee728b)  -> (artifact id: 'fbedb00eeea6af6e4f18ad8019210432') in 0.011803 seconds 
========================================================================
Received Import Request.
  Time since last request: 0.000022 seconds.
  path: Assets/Western Demo Audio Assets/Objects/Glass Drop 2.wav
  artifactKey: Guid(858d6621a88f04967bd9e9ff2f7c7f8b) Importer(815301076,1909f56bfc062723c751e8b465ee728b)
Start importing Assets/Western Demo Audio Assets/Objects/Glass Drop 2.wav using Guid(858d6621a88f04967bd9e9ff2f7c7f8b) Importer(815301076,1909f56bfc062723c751e8b465ee728b)  -> (artifact id: 'd60e55718b76306bbd3597bd3425ded3') in 0.010056 seconds 
========================================================================
Received Import Request.
  Time since last request: 13.374861 seconds.
  path: Assets/Western Demo Audio Assets/Music/Western Inside Loop.wav
  artifactKey: Guid(630bb467c42ec4fe289f09acd31e2929) Importer(815301076,1909f56bfc062723c751e8b465ee728b)
Start importing Assets/Western Demo Audio Assets/Music/Western Inside Loop.wav using Guid(630bb467c42ec4fe289f09acd31e2929) Importer(815301076,1909f56bfc062723c751e8b465ee728b)  -> (artifact id: '2b68def58e5a26009eed02e0aacac41f') in 0.031212 seconds 
========================================================================
Received Import Request.
  Time since last request: 1.088362 seconds.
  path: Assets/Western Demo Audio Assets/Environment/Fire Loop.wav
  artifactKey: Guid(26c28902c490e4c128e59eefe0f6c229) Importer(815301076,1909f56bfc062723c751e8b465ee728b)
Start importing Assets/Western Demo Audio Assets/Environment/Fire Loop.wav using Guid(26c28902c490e4c128e59eefe0f6c229) Importer(815301076,1909f56bfc062723c751e8b465ee728b)  -> (artifact id: 'f131f465ae6ed2b4f192cb45bec4c7a8') in 0.009553 seconds 
========================================================================
Received Import Request.
  Time since last request: 33.585059 seconds.
  path: Assets/TooManyCrosshairs/Too Many Crosshairs v1.3.pdf
  artifactKey: Guid(8f5321f6fc698ec4aa85cef2284a8730) Importer(815301076,1909f56bfc062723c751e8b465ee728b)
Start importing Assets/TooManyCrosshairs/Too Many Crosshairs v1.3.pdf using Guid(8f5321f6fc698ec4aa85cef2284a8730) Importer(815301076,1909f56bfc062723c751e8b465ee728b)  -> (artifact id: '52fed7f698f19989356af2fc14959610') in 0.007560 seconds 
========================================================================
Received Prepare
Registering precompiled user dll's ...
Registered in 0.004415 seconds.
Begin MonoManager ReloadAssembly
Symbol file LoadedFromMemory doesn't match image D:\Universidad\Proyectos Unity\disdevi05_t9_lab\disdevi05_t9_lab\Library\PackageCache\com.unity.visualscripting@1.7.8\Editor\VisualScripting.Core\Dependencies\YamlDotNet\Unity.VisualScripting.YamlDotNet.dll
Symbol file LoadedFromMemory doesn't match image D:\Universidad\Proyectos Unity\disdevi05_t9_lab\disdevi05_t9_lab\Library\PackageCache\com.unity.visualscripting@1.7.8\Editor\VisualScripting.Core\Dependencies\DotNetZip\Unity.VisualScripting.IonicZip.dll
Native extension for WindowsStandalone target not found
Refreshing native plugins compatible for Editor in 0.67 ms, found 3 plugins.
Preloading 0 native plugins for Editor in 0.00 ms.
Mono: successfully reloaded assembly
- Completed reload, in  0.988 seconds
Domain Reload Profiling:
	ReloadAssembly (988ms)
		BeginReloadAssembly (151ms)
			ExecutionOrderSort (0ms)
			DisableScriptedObjects (4ms)
			BackupInstance (0ms)
			ReleaseScriptingObjects (0ms)
			CreateAndSetChildDomain (41ms)
		EndReloadAssembly (741ms)
			LoadAssemblies (103ms)
			RebuildTransferFunctionScriptingTraits (0ms)
			SetupTypeCache (264ms)
			ReleaseScriptCaches (1ms)
			RebuildScriptCaches (36ms)
			SetupLoadedEditorAssemblies (322ms)
				LogAssemblyErrors (0ms)
				InitializePlatformSupportModulesInManaged (10ms)
				SetLoadedEditorAssemblies (1ms)
				RefreshPlugins (1ms)
				BeforeProcessingInitializeOnLoad (51ms)
				ProcessInitializeOnLoadAttributes (233ms)
				ProcessInitializeOnLoadMethodAttributes (23ms)
				AfterProcessingInitializeOnLoad (2ms)
				EditorAssembliesLoaded (0ms)
			ExecutionOrderSort2 (0ms)
			AwakeInstancesAfterBackupRestoration (6ms)
Platform modules already initialized, skipping
Refreshing native plugins compatible for Editor in 1.93 ms, found 3 plugins.
Preloading 0 native plugins for Editor in 0.00 ms.
Unloading 3726 Unused Serialized files (Serialized files now loaded: 0)
Unloading 31 unused Assets / (80.7 KB). Loaded Objects now: 4242.
Memory consumption went from 138.4 MB to 138.3 MB.
Total: 3.429600 ms (FindLiveObjects: 0.324400 ms CreateObjectMapping: 0.273700 ms MarkObjects: 2.728500 ms  DeleteObjects: 0.102100 ms)

AssetImportParameters requested are different than current active one (requested -> active):
  custom:video-decoder-ogg-theora: a1e56fd34408186e4bbccfd4996cb3dc -> 
  custom:container-muxer-webm: aa71ff27fc2769a1b78a27578f13a17b -> 
  custom:container-demuxer-webm: 4f35f7cbe854078d1ac9338744f61a02 -> 
  custom:video-encoder-webm-vp8: eb34c28f22e8b96e1ab97ce403110664 -> 
  custom:audio-encoder-webm-vorbis: bf7c407c2cedff20999df2af8eb42d56 -> 
  custom:framework-win-MediaFoundation: 216162199b28c13a410421893ffa2e32 -> 
  custom:container-demuxer-ogg: 62fdf1f143b41e24485cea50d1cbac27 -> 
  custom:video-decoder-webm-vp8: 9c59270c3fd7afecdb556c50c9e8de78 -> 
  custom:audio-decoder-ogg-vorbis: bf7c407c2cedff20999df2af8eb42d56 -> 
========================================================================
Received Prepare
Registering precompiled user dll's ...
Registered in 0.003977 seconds.
Begin MonoManager ReloadAssembly
Symbol file LoadedFromMemory doesn't match image D:\Universidad\Proyectos Unity\disdevi05_t9_lab\disdevi05_t9_lab\Library\PackageCache\com.unity.visualscripting@1.7.8\Editor\VisualScripting.Core\Dependencies\YamlDotNet\Unity.VisualScripting.YamlDotNet.dll
Symbol file LoadedFromMemory doesn't match image D:\Universidad\Proyectos Unity\disdevi05_t9_lab\disdevi05_t9_lab\Library\PackageCache\com.unity.visualscripting@1.7.8\Editor\VisualScripting.Core\Dependencies\DotNetZip\Unity.VisualScripting.IonicZip.dll
Native extension for WindowsStandalone target not found
Refreshing native plugins compatible for Editor in 0.88 ms, found 3 plugins.
Preloading 0 native plugins for Editor in 0.00 ms.
Mono: successfully reloaded assembly
- Completed reload, in  1.005 seconds
Domain Reload Profiling:
	ReloadAssembly (1005ms)
		BeginReloadAssembly (149ms)
			ExecutionOrderSort (0ms)
			DisableScriptedObjects (4ms)
			BackupInstance (0ms)
			ReleaseScriptingObjects (0ms)
			CreateAndSetChildDomain (37ms)
		EndReloadAssembly (765ms)
			LoadAssemblies (107ms)
			RebuildTransferFunctionScriptingTraits (0ms)
			SetupTypeCache (259ms)
			ReleaseScriptCaches (1ms)
			RebuildScriptCaches (42ms)
			SetupLoadedEditorAssemblies (346ms)
				LogAssemblyErrors (0ms)
				InitializePlatformSupportModulesInManaged (10ms)
				SetLoadedEditorAssemblies (0ms)
				RefreshPlugins (1ms)
				BeforeProcessingInitializeOnLoad (59ms)
				ProcessInitializeOnLoadAttributes (244ms)
				ProcessInitializeOnLoadMethodAttributes (29ms)
				AfterProcessingInitializeOnLoad (3ms)
				EditorAssembliesLoaded (0ms)
			ExecutionOrderSort2 (0ms)
			AwakeInstancesAfterBackupRestoration (7ms)
Platform modules already initialized, skipping
Refreshing native plugins compatible for Editor in 2.05 ms, found 3 plugins.
Preloading 0 native plugins for Editor in 0.00 ms.
Unloading 3726 Unused Serialized files (Serialized files now loaded: 0)
Unloading 21 unused Assets / (80.6 KB). Loaded Objects now: 4245.
Memory consumption went from 138.4 MB to 138.3 MB.
Total: 3.188400 ms (FindLiveObjects: 0.334000 ms CreateObjectMapping: 0.302400 ms MarkObjects: 2.410500 ms  DeleteObjects: 0.140100 ms)

AssetImportParameters requested are different than current active one (requested -> active):
  custom:video-decoder-ogg-theora: a1e56fd34408186e4bbccfd4996cb3dc -> 
  custom:container-muxer-webm: aa71ff27fc2769a1b78a27578f13a17b -> 
  custom:container-demuxer-webm: 4f35f7cbe854078d1ac9338744f61a02 -> 
  custom:video-encoder-webm-vp8: eb34c28f22e8b96e1ab97ce403110664 -> 
  custom:audio-encoder-webm-vorbis: bf7c407c2cedff20999df2af8eb42d56 -> 
  custom:framework-win-MediaFoundation: 216162199b28c13a410421893ffa2e32 -> 
  custom:container-demuxer-ogg: 62fdf1f143b41e24485cea50d1cbac27 -> 
  custom:video-decoder-webm-vp8: 9c59270c3fd7afecdb556c50c9e8de78 -> 
  custom:audio-decoder-ogg-vorbis: bf7c407c2cedff20999df2af8eb42d56 -> 
========================================================================
Received Import Request.
  Time since last request: 35.528705 seconds.
  path: Assets/ADG_Textures
  artifactKey: Guid(048a09af158c7744b89fd3806326515c) Importer(815301076,1909f56bfc062723c751e8b465ee728b)
Start importing Assets/ADG_Textures using Guid(048a09af158c7744b89fd3806326515c) Importer(815301076,1909f56bfc062723c751e8b465ee728b)  -> (artifact id: '928ea334dbeb2c881a27179de2f08886') in 0.007870 seconds 
========================================================================
Received Import Request.
  Time since last request: 0.343281 seconds.
  path: Assets/eretichable Technologies
  artifactKey: Guid(497bdb768cff7a340a89d8e5fa22c19c) Importer(815301076,1909f56bfc062723c751e8b465ee728b)
Start importing Assets/eretichable Technologies using Guid(497bdb768cff7a340a89d8e5fa22c19c) Importer(815301076,1909f56bfc062723c751e8b465ee728b)  -> (artifact id: '96cc4884288ca1e6e3fa38cc043a823f') in 0.004269 seconds 
========================================================================
Received Import Request.
  Time since last request: 0.303508 seconds.
  path: Assets/Fantasy Wooden GUI  Free
  artifactKey: Guid(b0b6013bd12ce564e8e183bc19011fe6) Importer(815301076,1909f56bfc062723c751e8b465ee728b)
Start importing Assets/Fantasy Wooden GUI  Free using Guid(b0b6013bd12ce564e8e183bc19011fe6) Importer(815301076,1909f56bfc062723c751e8b465ee728b)  -> (artifact id: '1e1c3f85be0d91647cb9978b003e23cb') in 0.004240 seconds 
========================================================================
Received Import Request.
  Time since last request: 132.175153 seconds.
  path: Assets/cross_normal.png
  artifactKey: Guid(52884919866e0a047a4c8c2247a03e2c) Importer(815301076,1909f56bfc062723c751e8b465ee728b)
Start importing Assets/cross_normal.png using Guid(52884919866e0a047a4c8c2247a03e2c) Importer(815301076,1909f56bfc062723c751e8b465ee728b)  -> (artifact id: '15304afdd451e167c9188353a2ea8db7') in 0.031707 seconds 
========================================================================
Received Import Request.
  Time since last request: 352.055708 seconds.
  path: Assets/Assets
  artifactKey: Guid(33ac528547c74344ca7ec301f3193879) Importer(815301076,1909f56bfc062723c751e8b465ee728b)
Start importing Assets/Assets using Guid(33ac528547c74344ca7ec301f3193879) Importer(815301076,1909f56bfc062723c751e8b465ee728b)  -> (artifact id: '6f2bae8e42d7f5248b1c35b35409403a') in 0.004193 seconds 
========================================================================
Received Import Request.
  Time since last request: 77.221130 seconds.
  path: Assets/Assets/circle_dot.png
  artifactKey: Guid(fd5c92c19a542cb439230c2856dc7442) Importer(815301076,1909f56bfc062723c751e8b465ee728b)
Start importing Assets/Assets/circle_dot.png using Guid(fd5c92c19a542cb439230c2856dc7442) Importer(815301076,1909f56bfc062723c751e8b465ee728b)  -> (artifact id: '2a17d04de90fd5f9cf90c815d1106e70') in 0.008689 seconds 
========================================================================
Received Import Request.
  Time since last request: 2.425727 seconds.
  path: Assets/ADG_Textures/Demo
  artifactKey: Guid(9c09176f032ecf146a1803fdfbeb1c2f) Importer(815301076,1909f56bfc062723c751e8b465ee728b)
Start importing Assets/ADG_Textures/Demo using Guid(9c09176f032ecf146a1803fdfbeb1c2f) Importer(815301076,1909f56bfc062723c751e8b465ee728b)  -> (artifact id: '338fc2ea7a0d54d46a287061cfdc9677') in 0.003942 seconds 
========================================================================
Received Import Request.
  Time since last request: 289.434446 seconds.
  path: Assets/Wild West Western
  artifactKey: Guid(7d8243c63604aae479cc2c185737227f) Importer(815301076,1909f56bfc062723c751e8b465ee728b)
Start importing Assets/Wild West Western using Guid(7d8243c63604aae479cc2c185737227f) Importer(815301076,1909f56bfc062723c751e8b465ee728b)  -> (artifact id: 'd6d7cdfa19d4a7e070dac39c02c1fd52') in 0.006055 seconds 
========================================================================
Received Import Request.
  Time since last request: 1.292739 seconds.
  path: Assets/Western Demo Audio Assets
  artifactKey: Guid(a439346b7e02e8c46be93d11d8f13ae0) Importer(815301076,1909f56bfc062723c751e8b465ee728b)
Start importing Assets/Western Demo Audio Assets using Guid(a439346b7e02e8c46be93d11d8f13ae0) Importer(815301076,1909f56bfc062723c751e8b465ee728b)  -> (artifact id: '4bc4453f43d0e9abcbc2ca8c2d5fe530') in 0.004797 seconds 
========================================================================
Received Import Request.
  Time since last request: 1.057538 seconds.
  path: Assets/TextMesh Pro
  artifactKey: Guid(f54d1bd14bd3ca042bd867b519fee8cc) Importer(815301076,1909f56bfc062723c751e8b465ee728b)
Start importing Assets/TextMesh Pro using Guid(f54d1bd14bd3ca042bd867b519fee8cc) Importer(815301076,1909f56bfc062723c751e8b465ee728b)  -> (artifact id: 'f5648c5ef36b7beab651a001a8d08867') in 0.004103 seconds 
========================================================================
Received Import Request.
  Time since last request: 106.989913 seconds.
  path: Assets/Images
  artifactKey: Guid(33ac528547c74344ca7ec301f3193879) Importer(815301076,1909f56bfc062723c751e8b465ee728b)
Start importing Assets/Images using Guid(33ac528547c74344ca7ec301f3193879) Importer(815301076,1909f56bfc062723c751e8b465ee728b)  -> (artifact id: '96a0ae3240ed2769cee1d269dbdc1067') in 0.004126 seconds 
========================================================================
Received Import Request.
  Time since last request: 7.673115 seconds.
  path: Assets/Images/Crosshairs
  artifactKey: Guid(4475c3a66b3a88d4c9cf199f6fa70664) Importer(815301076,1909f56bfc062723c751e8b465ee728b)
Start importing Assets/Images/Crosshairs using Guid(4475c3a66b3a88d4c9cf199f6fa70664) Importer(815301076,1909f56bfc062723c751e8b465ee728b)  -> (artifact id: '06dc7252944595ce4ef749317e8c2e49') in 0.003857 seconds 
========================================================================
Received Import Request.
  Time since last request: 9.020759 seconds.
  path: Assets/Images/Crosshairs/crosshair001.png
  artifactKey: Guid(951b0da817919224081d2c69995a04df) Importer(815301076,1909f56bfc062723c751e8b465ee728b)
Start importing Assets/Images/Crosshairs/crosshair001.png using Guid(951b0da817919224081d2c69995a04df) Importer(815301076,1909f56bfc062723c751e8b465ee728b)  -> (artifact id: '1c0969317f30bf569629c03962f8120d') in 0.010216 seconds 
========================================================================
Received Import Request.
  Time since last request: 0.004876 seconds.
  path: Assets/Images/Crosshairs/crosshair006.png
  artifactKey: Guid(f43820209ccf9674fb2c04c5acd768ea) Importer(815301076,1909f56bfc062723c751e8b465ee728b)
Start importing Assets/Images/Crosshairs/crosshair006.png using Guid(f43820209ccf9674fb2c04c5acd768ea) Importer(815301076,1909f56bfc062723c751e8b465ee728b)  -> (artifact id: '5919118515fa31a57bd254a9fe0e2b67') in 0.009676 seconds 
========================================================================
Received Import Request.
  Time since last request: 0.000016 seconds.
  path: Assets/Images/Crosshairs/crosshair031.png
  artifactKey: Guid(e64bd782df730c84eac4e5dc93fc90b5) Importer(815301076,1909f56bfc062723c751e8b465ee728b)
Start importing Assets/Images/Crosshairs/crosshair031.png using Guid(e64bd782df730c84eac4e5dc93fc90b5) Importer(815301076,1909f56bfc062723c751e8b465ee728b)  -> (artifact id: 'ab7c93409f03f2848c20a442e58320b7') in 0.009596 seconds 
========================================================================
Received Import Request.
  Time since last request: 0.000019 seconds.
  path: Assets/Images/Crosshairs/crosshair059.png
  artifactKey: Guid(a531a21814941244c8936ab5a053a4aa) Importer(815301076,1909f56bfc062723c751e8b465ee728b)
Start importing Assets/Images/Crosshairs/crosshair059.png using Guid(a531a21814941244c8936ab5a053a4aa) Importer(815301076,1909f56bfc062723c751e8b465ee728b)  -> (artifact id: '4c54ecabebfa530fe0dd942b59f2033d') in 0.008449 seconds 
========================================================================
Received Import Request.
  Time since last request: 0.000020 seconds.
  path: Assets/Images/Crosshairs/crosshair049.png
  artifactKey: Guid(98d3b980ff39ced4d8e61ec0e6494075) Importer(815301076,1909f56bfc062723c751e8b465ee728b)
Start importing Assets/Images/Crosshairs/crosshair049.png using Guid(98d3b980ff39ced4d8e61ec0e6494075) Importer(815301076,1909f56bfc062723c751e8b465ee728b)  -> (artifact id: '16b2c5c9e619cef63f450ee91e3208c0') in 0.054781 seconds 
========================================================================
Received Import Request.
  Time since last request: 0.000019 seconds.
  path: Assets/Images/Crosshairs/crosshair022.png
  artifactKey: Guid(53ef458ea53daa44f9872904661013b9) Importer(815301076,1909f56bfc062723c751e8b465ee728b)
Start importing Assets/Images/Crosshairs/crosshair022.png using Guid(53ef458ea53daa44f9872904661013b9) Importer(815301076,1909f56bfc062723c751e8b465ee728b)  -> (artifact id: '544bdb6b26b635a9b8a6901a30fce8ff') in 0.008607 seconds 
========================================================================
Received Import Request.
  Time since last request: 0.000027 seconds.
  path: Assets/Images/Crosshairs/crosshair040.png
  artifactKey: Guid(0ff84a7cd0b2ab647be7d61897a0f5c0) Importer(815301076,1909f56bfc062723c751e8b465ee728b)
Start importing Assets/Images/Crosshairs/crosshair040.png using Guid(0ff84a7cd0b2ab647be7d61897a0f5c0) Importer(815301076,1909f56bfc062723c751e8b465ee728b)  -> (artifact id: '968ffdf3d09ec6ddc0c69f560e6f6c4c') in 0.007383 seconds 
========================================================================
Received Import Request.
  Time since last request: 0.000015 seconds.
  path: Assets/Images/Crosshairs/crosshair048.png
  artifactKey: Guid(5394186ce8e50264693849c667edb82d) Importer(815301076,1909f56bfc062723c751e8b465ee728b)
Start importing Assets/Images/Crosshairs/crosshair048.png using Guid(5394186ce8e50264693849c667edb82d) Importer(815301076,1909f56bfc062723c751e8b465ee728b)  -> (artifact id: 'f89102dcbbca92dc3164ad7268d58e23') in 0.007022 seconds 
========================================================================
Received Import Request.
  Time since last request: 0.000015 seconds.
  path: Assets/Images/Crosshairs/crosshair076.png
  artifactKey: Guid(3a3fe5bbf4f28db45bb3d686847c3723) Importer(815301076,1909f56bfc062723c751e8b465ee728b)
Start importing Assets/Images/Crosshairs/crosshair076.png using Guid(3a3fe5bbf4f28db45bb3d686847c3723) Importer(815301076,1909f56bfc062723c751e8b465ee728b)  -> (artifact id: '66b591ec5c000cf35e665f209d4e9933') in 0.007978 seconds 
========================================================================
Received Import Request.
  Time since last request: 0.000015 seconds.
  path: Assets/Images/Crosshairs/crosshair024.png
  artifactKey: Guid(bd27e99dd219bcb4d86991cd2c33b2df) Importer(815301076,1909f56bfc062723c751e8b465ee728b)
Start importing Assets/Images/Crosshairs/crosshair024.png using Guid(bd27e99dd219bcb4d86991cd2c33b2df) Importer(815301076,1909f56bfc062723c751e8b465ee728b)  -> (artifact id: '49057e5e915259e0a328c9d4f4eb3f0c') in 0.007503 seconds 
========================================================================
Received Import Request.
  Time since last request: 0.000017 seconds.
  path: Assets/Images/Crosshairs/crosshair046.png
  artifactKey: Guid(47b1c375e8c3abc439623b0972560149) Importer(815301076,1909f56bfc062723c751e8b465ee728b)
Start importing Assets/Images/Crosshairs/crosshair046.png using Guid(47b1c375e8c3abc439623b0972560149) Importer(815301076,1909f56bfc062723c751e8b465ee728b)  -> (artifact id: 'd35924e86cc8ed262536db5f824a588c') in 0.008549 seconds 
========================================================================
Received Import Request.
  Time since last request: 0.000028 seconds.
  path: Assets/Images/Crosshairs/crosshair072.png
  artifactKey: Guid(9b1adc46abdb5ad46b7eee6d8978759b) Importer(815301076,1909f56bfc062723c751e8b465ee728b)
Start importing Assets/Images/Crosshairs/crosshair072.png using Guid(9b1adc46abdb5ad46b7eee6d8978759b) Importer(815301076,1909f56bfc062723c751e8b465ee728b)  -> (artifact id: 'b82f2f73c0953b5fa21354c99eb2c092') in 0.009046 seconds 
========================================================================
Received Import Request.
  Time since last request: 0.000019 seconds.
  path: Assets/Images/Crosshairs/crosshair071.png
  artifactKey: Guid(6aa190cc9a5f00046b005b0b9a136619) Importer(815301076,1909f56bfc062723c751e8b465ee728b)
Start importing Assets/Images/Crosshairs/crosshair071.png using Guid(6aa190cc9a5f00046b005b0b9a136619) Importer(815301076,1909f56bfc062723c751e8b465ee728b)  -> (artifact id: 'ba14b12a033c2cf397ce8f93613b1eda') in 0.009845 seconds 
========================================================================
Received Import Request.
  Time since last request: 0.000015 seconds.
  path: Assets/Images/Crosshairs/crosshair062.png
  artifactKey: Guid(cb5c37f9691eaf34d85b07444e8df2c3) Importer(815301076,1909f56bfc062723c751e8b465ee728b)
Start importing Assets/Images/Crosshairs/crosshair062.png using Guid(cb5c37f9691eaf34d85b07444e8df2c3) Importer(815301076,1909f56bfc062723c751e8b465ee728b)  -> (artifact id: 'b8c015500cf4508793430afbbce0b1fc') in 0.010064 seconds 
========================================================================
Received Import Request.
  Time since last request: 0.000017 seconds.
  path: Assets/Images/Crosshairs/crosshair035.png
  artifactKey: Guid(7a2fd286c64052c4389ddb30218cc77e) Importer(815301076,1909f56bfc062723c751e8b465ee728b)
Start importing Assets/Images/Crosshairs/crosshair035.png using Guid(7a2fd286c64052c4389ddb30218cc77e) Importer(815301076,1909f56bfc062723c751e8b465ee728b)  -> (artifact id: 'e7bb575fefb14b99ef79bd62703cdc2e') in 0.008261 seconds 
========================================================================
Received Import Request.
  Time since last request: 0.000021 seconds.
  path: Assets/Images/Crosshairs/crosshair047.png
  artifactKey: Guid(80918dfc129f1e845850d9b0047304b4) Importer(815301076,1909f56bfc062723c751e8b465ee728b)
Start importing Assets/Images/Crosshairs/crosshair047.png using Guid(80918dfc129f1e845850d9b0047304b4) Importer(815301076,1909f56bfc062723c751e8b465ee728b)  -> (artifact id: '4f653322d831b8f9ac197ac38baaf31d') in 0.007666 seconds 
========================================================================
Received Import Request.
  Time since last request: 0.000015 seconds.
  path: Assets/Images/Crosshairs/crosshair069.png
  artifactKey: Guid(5c7670b4d71ade84584ea398ebb0ea95) Importer(815301076,1909f56bfc062723c751e8b465ee728b)
Start importing Assets/Images/Crosshairs/crosshair069.png using Guid(5c7670b4d71ade84584ea398ebb0ea95) Importer(815301076,1909f56bfc062723c751e8b465ee728b)  -> (artifact id: '62c2c28dddc370cede677c4b9988474a') in 0.023471 seconds 
========================================================================
Received Import Request.
  Time since last request: 0.000018 seconds.
  path: Assets/Images/Crosshairs/crosshair053.png
  artifactKey: Guid(c60476e254e92244295f86c8c7b49c6c) Importer(815301076,1909f56bfc062723c751e8b465ee728b)
Start importing Assets/Images/Crosshairs/crosshair053.png using Guid(c60476e254e92244295f86c8c7b49c6c) Importer(815301076,1909f56bfc062723c751e8b465ee728b)  -> (artifact id: '18c3208b9012763277b2d6740d065aa2') in 0.007607 seconds 
========================================================================
Received Import Request.
  Time since last request: 0.000019 seconds.
  path: Assets/Images/Crosshairs/crosshair079.png
  artifactKey: Guid(cb61ecd04d32ae34c94c1f5cb8f035d5) Importer(815301076,1909f56bfc062723c751e8b465ee728b)
Start importing Assets/Images/Crosshairs/crosshair079.png using Guid(cb61ecd04d32ae34c94c1f5cb8f035d5) Importer(815301076,1909f56bfc062723c751e8b465ee728b)  -> (artifact id: '1ca11a5772701dd3aad700e0c5e9a8d6') in 0.006791 seconds 
========================================================================
Received Import Request.
  Time since last request: 0.000028 seconds.
  path: Assets/Images/Crosshairs/crosshair054.png
  artifactKey: Guid(4e91e40d7f838f9459da578d6c5a7360) Importer(815301076,1909f56bfc062723c751e8b465ee728b)
Start importing Assets/Images/Crosshairs/crosshair054.png using Guid(4e91e40d7f838f9459da578d6c5a7360) Importer(815301076,1909f56bfc062723c751e8b465ee728b)  -> (artifact id: 'bfd1d892cd1f476d095559df7b7d05f7') in 0.006761 seconds 
========================================================================
Received Import Request.
  Time since last request: 0.000012 seconds.
  path: Assets/Images/Crosshairs/crosshair027.png
  artifactKey: Guid(b2f2cdf296c6d654e85a13fc1e4e40bb) Importer(815301076,1909f56bfc062723c751e8b465ee728b)
Start importing Assets/Images/Crosshairs/crosshair027.png using Guid(b2f2cdf296c6d654e85a13fc1e4e40bb) Importer(815301076,1909f56bfc062723c751e8b465ee728b)  -> (artifact id: 'e781c698f20619a51255ba3af301d297') in 0.007471 seconds 
========================================================================
Received Import Request.
  Time since last request: 0.000016 seconds.
  path: Assets/Images/Crosshairs/crosshair032.png
  artifactKey: Guid(c66add11e35b3b345b93893b37465b11) Importer(815301076,1909f56bfc062723c751e8b465ee728b)
Start importing Assets/Images/Crosshairs/crosshair032.png using Guid(c66add11e35b3b345b93893b37465b11) Importer(815301076,1909f56bfc062723c751e8b465ee728b)  -> (artifact id: 'bb430bc736fe04264b7e3fd0f189d03e') in 0.007434 seconds 
========================================================================
Received Import Request.
  Time since last request: 0.000017 seconds.
  path: Assets/Images/Crosshairs/crosshair067.png
  artifactKey: Guid(ac6bd65eac7d08648a9cb7b2d8533014) Importer(815301076,1909f56bfc062723c751e8b465ee728b)
Start importing Assets/Images/Crosshairs/crosshair067.png using Guid(ac6bd65eac7d08648a9cb7b2d8533014) Importer(815301076,1909f56bfc062723c751e8b465ee728b)  -> (artifact id: '1600efedf40953ea0b25be3e2feb45a0') in 0.009105 seconds 
========================================================================
Received Import Request.
  Time since last request: 0.000016 seconds.
  path: Assets/Images/Crosshairs/crosshair004.png
  artifactKey: Guid(da235cf01cc74f34da9c47eb662fb088) Importer(815301076,1909f56bfc062723c751e8b465ee728b)
Start importing Assets/Images/Crosshairs/crosshair004.png using Guid(da235cf01cc74f34da9c47eb662fb088) Importer(815301076,1909f56bfc062723c751e8b465ee728b)  -> (artifact id: '48875b3d8205cac13db98aa240062de3') in 0.008381 seconds 
========================================================================
Received Import Request.
  Time since last request: 0.000026 seconds.
  path: Assets/Images/Crosshairs/crosshair011.png
  artifactKey: Guid(613d7766739b6fe4eb6b91db47d4a749) Importer(815301076,1909f56bfc062723c751e8b465ee728b)
Start importing Assets/Images/Crosshairs/crosshair011.png using Guid(613d7766739b6fe4eb6b91db47d4a749) Importer(815301076,1909f56bfc062723c751e8b465ee728b)  -> (artifact id: 'fd127a03a066aea484df19d9792db64d') in 0.007467 seconds 
========================================================================
Received Import Request.
  Time since last request: 0.000017 seconds.
  path: Assets/Images/Crosshairs/crosshair033.png
  artifactKey: Guid(80ee89c017b2c5a4aa4ab85ff7d24cdc) Importer(815301076,1909f56bfc062723c751e8b465ee728b)
Start importing Assets/Images/Crosshairs/crosshair033.png using Guid(80ee89c017b2c5a4aa4ab85ff7d24cdc) Importer(815301076,1909f56bfc062723c751e8b465ee728b)  -> (artifact id: '3ec42b165f5ab3e5b661e62ff919f2eb') in 0.007689 seconds 
========================================================================
Received Import Request.
  Time since last request: 0.000017 seconds.
  path: Assets/Images/Crosshairs/crosshair017.png
  artifactKey: Guid(61661f83df27184419ae638e31b5310b) Importer(815301076,1909f56bfc062723c751e8b465ee728b)
Start importing Assets/Images/Crosshairs/crosshair017.png using Guid(61661f83df27184419ae638e31b5310b) Importer(815301076,1909f56bfc062723c751e8b465ee728b)  -> (artifact id: '23f22d4df9bcc5e6a1c3d8779bfcb443') in 0.007644 seconds 
========================================================================
Received Import Request.
  Time since last request: 0.000022 seconds.
  path: Assets/Images/Crosshairs/crosshair065.png
  artifactKey: Guid(f845a31a25df56846bc96130c953cdca) Importer(815301076,1909f56bfc062723c751e8b465ee728b)
Start importing Assets/Images/Crosshairs/crosshair065.png using Guid(f845a31a25df56846bc96130c953cdca) Importer(815301076,1909f56bfc062723c751e8b465ee728b)  -> (artifact id: '3ff7d3e2b503dab547bc562177b75e9f') in 0.015845 seconds 
========================================================================
Received Import Request.
  Time since last request: 0.000026 seconds.
  path: Assets/Images/Crosshairs/crosshair015.png
  artifactKey: Guid(8a84f0ebb3357314b90b0f88fe1d895d) Importer(815301076,1909f56bfc062723c751e8b465ee728b)
Start importing Assets/Images/Crosshairs/crosshair015.png using Guid(8a84f0ebb3357314b90b0f88fe1d895d) Importer(815301076,1909f56bfc062723c751e8b465ee728b)  -> (artifact id: 'cb5796a268824d399263df1f80d9c005') in 0.025763 seconds 
========================================================================
Received Import Request.
  Time since last request: 0.000018 seconds.
  path: Assets/Images/Crosshairs/crosshair018.png
  artifactKey: Guid(6ff55cb54885f7c448d95253cf91ee63) Importer(815301076,1909f56bfc062723c751e8b465ee728b)
Start importing Assets/Images/Crosshairs/crosshair018.png using Guid(6ff55cb54885f7c448d95253cf91ee63) Importer(815301076,1909f56bfc062723c751e8b465ee728b)  -> (artifact id: 'a30f1e98ad2cf848e24530871b9a7558') in 0.007535 seconds 
========================================================================
Received Import Request.
  Time since last request: 0.000014 seconds.
  path: Assets/Images/Crosshairs/crosshair074.png
  artifactKey: Guid(0bae3920f114ff342be7817a8ff0a0d1) Importer(815301076,1909f56bfc062723c751e8b465ee728b)
Start importing Assets/Images/Crosshairs/crosshair074.png using Guid(0bae3920f114ff342be7817a8ff0a0d1) Importer(815301076,1909f56bfc062723c751e8b465ee728b)  -> (artifact id: '3e6b7a7bfbb0e1a016d2c8f2c4be8a93') in 0.007521 seconds 
========================================================================
Received Import Request.
  Time since last request: 0.000018 seconds.
  path: Assets/Images/Crosshairs/crosshair016.png
  artifactKey: Guid(4a1eed94928b1744a853bfaf5261159e) Importer(815301076,1909f56bfc062723c751e8b465ee728b)
Start importing Assets/Images/Crosshairs/crosshair016.png using Guid(4a1eed94928b1744a853bfaf5261159e) Importer(815301076,1909f56bfc062723c751e8b465ee728b)  -> (artifact id: '10cc6fb09a430f160129e759dec91106') in 0.007738 seconds 
========================================================================
Received Import Request.
  Time since last request: 0.000013 seconds.
  path: Assets/Images/Crosshairs/crosshair063.png
  artifactKey: Guid(a959bff2b929fa64cb734d9d150f20b5) Importer(815301076,1909f56bfc062723c751e8b465ee728b)
Start importing Assets/Images/Crosshairs/crosshair063.png using Guid(a959bff2b929fa64cb734d9d150f20b5) Importer(815301076,1909f56bfc062723c751e8b465ee728b)  -> (artifact id: 'ae1186ee40c52e31d1d2e6c4688b828c') in 0.007638 seconds 
========================================================================
Received Import Request.
  Time since last request: 0.000019 seconds.
  path: Assets/Images/Crosshairs/crosshair014.png
  artifactKey: Guid(ed835fbd28d08d8458d522f6ddf56613) Importer(815301076,1909f56bfc062723c751e8b465ee728b)
Start importing Assets/Images/Crosshairs/crosshair014.png using Guid(ed835fbd28d08d8458d522f6ddf56613) Importer(815301076,1909f56bfc062723c751e8b465ee728b)  -> (artifact id: '5857cdc0aef15e43d9d17c8840e5f09e') in 0.007723 seconds 
========================================================================
Received Import Request.
  Time since last request: 0.000013 seconds.
  path: Assets/Images/Crosshairs/crosshair068.png
  artifactKey: Guid(6dab9c0902b23544cb60ee9317bd4fb9) Importer(815301076,1909f56bfc062723c751e8b465ee728b)
Start importing Assets/Images/Crosshairs/crosshair068.png using Guid(6dab9c0902b23544cb60ee9317bd4fb9) Importer(815301076,1909f56bfc062723c751e8b465ee728b)  -> (artifact id: '117bc6aaec30586bc1fa28f184d1e822') in 0.007909 seconds 
========================================================================
Received Import Request.
  Time since last request: 0.000015 seconds.
  path: Assets/Images/Crosshairs/crosshair008.png
  artifactKey: Guid(771995a4da5a3504b9aaa0da9aef1ace) Importer(815301076,1909f56bfc062723c751e8b465ee728b)
Start importing Assets/Images/Crosshairs/crosshair008.png using Guid(771995a4da5a3504b9aaa0da9aef1ace) Importer(815301076,1909f56bfc062723c751e8b465ee728b)  -> (artifact id: '38e5d4483d5db5c5ee342d1dd5d2b1cf') in 0.008733 seconds 
========================================================================
Received Import Request.
  Time since last request: 0.000015 seconds.
  path: Assets/Images/Crosshairs/crosshair026.png
  artifactKey: Guid(96eacdb59720ea440b24fb7e1dcdece3) Importer(815301076,1909f56bfc062723c751e8b465ee728b)
Start importing Assets/Images/Crosshairs/crosshair026.png using Guid(96eacdb59720ea440b24fb7e1dcdece3) Importer(815301076,1909f56bfc062723c751e8b465ee728b)  -> (artifact id: 'ca43ab0c6ef956b8647f77168f2caa6c') in 0.009094 seconds 
========================================================================
Received Import Request.
  Time since last request: 0.000016 seconds.
  path: Assets/Images/Crosshairs/crosshair007.png
  artifactKey: Guid(ac3efaf7f4adf804bba00d68d48ebadb) Importer(815301076,1909f56bfc062723c751e8b465ee728b)
Start importing Assets/Images/Crosshairs/crosshair007.png using Guid(ac3efaf7f4adf804bba00d68d48ebadb) Importer(815301076,1909f56bfc062723c751e8b465ee728b)  -> (artifact id: '9927571aec3b42c2366c25bffde8fda4') in 0.007729 seconds 
========================================================================
Received Import Request.
  Time since last request: 0.000014 seconds.
  path: Assets/Images/Crosshairs/crosshair012.png
  artifactKey: Guid(78dc03c8814f37e478f6e23790d82d9b) Importer(815301076,1909f56bfc062723c751e8b465ee728b)
Start importing Assets/Images/Crosshairs/crosshair012.png using Guid(78dc03c8814f37e478f6e23790d82d9b) Importer(815301076,1909f56bfc062723c751e8b465ee728b)  -> (artifact id: '68fc1cc41809870e85775044e19f891c') in 0.007502 seconds 
========================================================================
Received Import Request.
  Time since last request: 0.000013 seconds.
  path: Assets/Images/Crosshairs/crosshair070.png
  artifactKey: Guid(9e6df1feef0feda42be64ddc5698f116) Importer(815301076,1909f56bfc062723c751e8b465ee728b)
Start importing Assets/Images/Crosshairs/crosshair070.png using Guid(9e6df1feef0feda42be64ddc5698f116) Importer(815301076,1909f56bfc062723c751e8b465ee728b)  -> (artifact id: 'd0ce2617d4ae643cb825839279638d43') in 0.008490 seconds 
========================================================================
Received Import Request.
  Time since last request: 0.000026 seconds.
  path: Assets/Images/Crosshairs/crosshair078.png
  artifactKey: Guid(e5f84e02406a08647a8d9da4ec269a03) Importer(815301076,1909f56bfc062723c751e8b465ee728b)
Start importing Assets/Images/Crosshairs/crosshair078.png using Guid(e5f84e02406a08647a8d9da4ec269a03) Importer(815301076,1909f56bfc062723c751e8b465ee728b)  -> (artifact id: '151a051690a0841e744ea4ec8415778c') in 0.008526 seconds 
========================================================================
Received Import Request.
  Time since last request: 0.000020 seconds.
  path: Assets/Images/Crosshairs/crosshair042.png
  artifactKey: Guid(787bbe7e2aa4a944da2b00cf7c23aa81) Importer(815301076,1909f56bfc062723c751e8b465ee728b)
Start importing Assets/Images/Crosshairs/crosshair042.png using Guid(787bbe7e2aa4a944da2b00cf7c23aa81) Importer(815301076,1909f56bfc062723c751e8b465ee728b)  -> (artifact id: 'ec506a7be1ce288f2bc5cd6d16cbed62') in 0.007985 seconds 
========================================================================
Received Import Request.
  Time since last request: 53.065683 seconds.
  path: Assets/Images/Crosshairs/crosshair080.png
  artifactKey: Guid(00f8b26c62144ed4398baf2849c28b60) Importer(815301076,1909f56bfc062723c751e8b465ee728b)
Start importing Assets/Images/Crosshairs/crosshair080.png using Guid(00f8b26c62144ed4398baf2849c28b60) Importer(815301076,1909f56bfc062723c751e8b465ee728b)  -> (artifact id: 'b8bfbcd846f78d8d4a1f84de626ffd4d') in 0.011503 seconds 
========================================================================
Received Import Request.
  Time since last request: 0.000023 seconds.
  path: Assets/Images/Crosshairs/crosshair090.png
  artifactKey: Guid(5eb41d5965104234dbb34cbf76491f45) Importer(815301076,1909f56bfc062723c751e8b465ee728b)
Start importing Assets/Images/Crosshairs/crosshair090.png using Guid(5eb41d5965104234dbb34cbf76491f45) Importer(815301076,1909f56bfc062723c751e8b465ee728b)  -> (artifact id: '886b9c6bfc344743527d382fb5afb148') in 0.008275 seconds 
========================================================================
Received Import Request.
  Time since last request: 0.000019 seconds.
  path: Assets/Images/Crosshairs/crosshair085.png
  artifactKey: Guid(b83c80c1ea20c5243a15aa859bbcf24a) Importer(815301076,1909f56bfc062723c751e8b465ee728b)
Start importing Assets/Images/Crosshairs/crosshair085.png using Guid(b83c80c1ea20c5243a15aa859bbcf24a) Importer(815301076,1909f56bfc062723c751e8b465ee728b)  -> (artifact id: 'dd8dca4986cb6ad78f23bd0a5b2a79d4') in 0.012077 seconds 
========================================================================
Received Import Request.
  Time since last request: 0.000015 seconds.
  path: Assets/Images/Crosshairs/crosshair091.png
  artifactKey: Guid(3aa9e678e28f1ac498231110828a27eb) Importer(815301076,1909f56bfc062723c751e8b465ee728b)
Start importing Assets/Images/Crosshairs/crosshair091.png using Guid(3aa9e678e28f1ac498231110828a27eb) Importer(815301076,1909f56bfc062723c751e8b465ee728b)  -> (artifact id: 'c5cc95e99350cb3ab4675cdc14c68e76') in 0.008308 seconds 
========================================================================
Received Import Request.
  Time since last request: 0.000018 seconds.
  path: Assets/Images/Crosshairs/crosshair099.png
  artifactKey: Guid(f0d17479481e7634294f47cc26f1aa53) Importer(815301076,1909f56bfc062723c751e8b465ee728b)
Start importing Assets/Images/Crosshairs/crosshair099.png using Guid(f0d17479481e7634294f47cc26f1aa53) Importer(815301076,1909f56bfc062723c751e8b465ee728b)  -> (artifact id: 'b12d8bbb631ed59b2ffa97ee0e9b16cd') in 0.014973 seconds 
========================================================================
Received Import Request.
  Time since last request: 0.000022 seconds.
  path: Assets/Images/Crosshairs/crosshair100.png
  artifactKey: Guid(d75923cbd973ae642a81317ac9462157) Importer(815301076,1909f56bfc062723c751e8b465ee728b)
Start importing Assets/Images/Crosshairs/crosshair100.png using Guid(d75923cbd973ae642a81317ac9462157) Importer(815301076,1909f56bfc062723c751e8b465ee728b)  -> (artifact id: '1d5e40c90669c7e58791cb8e9bc4338b') in 0.010197 seconds 
========================================================================
Received Import Request.
  Time since last request: 0.000021 seconds.
  path: Assets/Images/Crosshairs/crosshair096.png
  artifactKey: Guid(3fbbbd39f356f644cb4cef99404d3988) Importer(815301076,1909f56bfc062723c751e8b465ee728b)
Start importing Assets/Images/Crosshairs/crosshair096.png using Guid(3fbbbd39f356f644cb4cef99404d3988) Importer(815301076,1909f56bfc062723c751e8b465ee728b)  -> (artifact id: '0faf4e633162467eeba7f3ed438bd500') in 0.010463 seconds 
========================================================================
Received Import Request.
  Time since last request: 0.000018 seconds.
  path: Assets/Images/Crosshairs/crosshair103.png
  artifactKey: Guid(e673c9dadb287194cbdf0cd51b0e8d38) Importer(815301076,1909f56bfc062723c751e8b465ee728b)
Start importing Assets/Images/Crosshairs/crosshair103.png using Guid(e673c9dadb287194cbdf0cd51b0e8d38) Importer(815301076,1909f56bfc062723c751e8b465ee728b)  -> (artifact id: '3f91ca24fce2f7f9e27fb5e65e844bc7') in 0.009694 seconds 
========================================================================
Received Import Request.
  Time since last request: 0.000021 seconds.
  path: Assets/Images/Crosshairs/crosshair114.png
  artifactKey: Guid(9f530d1f020bf324ca3500b406e7af36) Importer(815301076,1909f56bfc062723c751e8b465ee728b)
Start importing Assets/Images/Crosshairs/crosshair114.png using Guid(9f530d1f020bf324ca3500b406e7af36) Importer(815301076,1909f56bfc062723c751e8b465ee728b)  -> (artifact id: 'd388a50f34c6606808792433ee814fbb') in 0.020896 seconds 
========================================================================
Received Import Request.
  Time since last request: 0.000023 seconds.
  path: Assets/Images/Crosshairs/crosshair105.png
  artifactKey: Guid(e6abe4b9b15e3cc4997c7751b8fd175f) Importer(815301076,1909f56bfc062723c751e8b465ee728b)
Start importing Assets/Images/Crosshairs/crosshair105.png using Guid(e6abe4b9b15e3cc4997c7751b8fd175f) Importer(815301076,1909f56bfc062723c751e8b465ee728b)  -> (artifact id: '9f403679f0fe2f0bfb41f16d720dd845') in 0.013367 seconds 
========================================================================
Received Import Request.
  Time since last request: 0.000015 seconds.
  path: Assets/Images/Crosshairs/crosshair093.png
  artifactKey: Guid(ae2234bae99a9934c9b59dcfd89bfdae) Importer(815301076,1909f56bfc062723c751e8b465ee728b)
Start importing Assets/Images/Crosshairs/crosshair093.png using Guid(ae2234bae99a9934c9b59dcfd89bfdae) Importer(815301076,1909f56bfc062723c751e8b465ee728b)  -> (artifact id: '760ea4e59e6d0273a4820f2b12b013d8') in 0.024686 seconds 
========================================================================
Received Import Request.
  Time since last request: 0.240248 seconds.
  path: Assets/Images/Crosshairs/crosshair119.png
  artifactKey: Guid(5d4a33dfff8e32842ad8ab9eeb644e87) Importer(815301076,1909f56bfc062723c751e8b465ee728b)
Start importing Assets/Images/Crosshairs/crosshair119.png using Guid(5d4a33dfff8e32842ad8ab9eeb644e87) Importer(815301076,1909f56bfc062723c751e8b465ee728b)  -> (artifact id: '181c3ca31147aab31f35d6127462d31d') in 0.044935 seconds 
========================================================================
Received Import Request.
  Time since last request: 0.000017 seconds.
  path: Assets/Images/Crosshairs/crosshair137.png
  artifactKey: Guid(fa6e2f160eaa38c46b177bf55cb1011e) Importer(815301076,1909f56bfc062723c751e8b465ee728b)
Start importing Assets/Images/Crosshairs/crosshair137.png using Guid(fa6e2f160eaa38c46b177bf55cb1011e) Importer(815301076,1909f56bfc062723c751e8b465ee728b)  -> (artifact id: 'a883b99ac00bd1216ab0d65e2398ca6f') in 0.008574 seconds 
========================================================================
Received Import Request.
  Time since last request: 0.000027 seconds.
  path: Assets/Images/Crosshairs/crosshair139.png
  artifactKey: Guid(6cbc118a15c5e304c9cd5d60196874a5) Importer(815301076,1909f56bfc062723c751e8b465ee728b)
Start importing Assets/Images/Crosshairs/crosshair139.png using Guid(6cbc118a15c5e304c9cd5d60196874a5) Importer(815301076,1909f56bfc062723c751e8b465ee728b)  -> (artifact id: '7858ca1d0478d6284ffb033a866a0b9f') in 0.011018 seconds 
========================================================================
Received Import Request.
  Time since last request: 0.000030 seconds.
  path: Assets/Images/Crosshairs/crosshair145.png
  artifactKey: Guid(a88ea3943928b8944add6cf77615c07b) Importer(815301076,1909f56bfc062723c751e8b465ee728b)
Start importing Assets/Images/Crosshairs/crosshair145.png using Guid(a88ea3943928b8944add6cf77615c07b) Importer(815301076,1909f56bfc062723c751e8b465ee728b)  -> (artifact id: 'c44c08d6c33d734750a0e73c4be4bace') in 0.010519 seconds 
========================================================================
Received Import Request.
  Time since last request: 0.000018 seconds.
  path: Assets/Images/Crosshairs/crosshair150.png
  artifactKey: Guid(7412c1da6d2b96f42a84f1aef4c4107b) Importer(815301076,1909f56bfc062723c751e8b465ee728b)
Start importing Assets/Images/Crosshairs/crosshair150.png using Guid(7412c1da6d2b96f42a84f1aef4c4107b) Importer(815301076,1909f56bfc062723c751e8b465ee728b)  -> (artifact id: '60a67c5a1a85772d456723e33a252fca') in 0.008365 seconds 
========================================================================
Received Import Request.
  Time since last request: 0.000024 seconds.
  path: Assets/Images/Crosshairs/crosshair142.png
  artifactKey: Guid(f49ff2ee13fa31c469de9f8228129266) Importer(815301076,1909f56bfc062723c751e8b465ee728b)
Start importing Assets/Images/Crosshairs/crosshair142.png using Guid(f49ff2ee13fa31c469de9f8228129266) Importer(815301076,1909f56bfc062723c751e8b465ee728b)  -> (artifact id: '3a72967fd37e5a1855d74f50f0810cf8') in 0.008741 seconds 
========================================================================
Received Import Request.
  Time since last request: 0.000038 seconds.
  path: Assets/Images/Crosshairs/crosshair147.png
  artifactKey: Guid(836bdde778704e045bdef7b5954c71a3) Importer(815301076,1909f56bfc062723c751e8b465ee728b)
Start importing Assets/Images/Crosshairs/crosshair147.png using Guid(836bdde778704e045bdef7b5954c71a3) Importer(815301076,1909f56bfc062723c751e8b465ee728b)  -> (artifact id: 'fc0dbb9b751a4d11bd10e2520739ee6b') in 0.009708 seconds 
========================================================================
Received Import Request.
  Time since last request: 0.000017 seconds.
  path: Assets/Images/Crosshairs/crosshair141.png
  artifactKey: Guid(39c9243b8a392714e930d789223ade84) Importer(815301076,1909f56bfc062723c751e8b465ee728b)
Start importing Assets/Images/Crosshairs/crosshair141.png using Guid(39c9243b8a392714e930d789223ade84) Importer(815301076,1909f56bfc062723c751e8b465ee728b)  -> (artifact id: '65e649dc125d7f34e555a3d4fdfb82e0') in 0.007884 seconds 
========================================================================
Received Import Request.
  Time since last request: 753.189773 seconds.
  path: Assets/Images/KovaaK-Crosshair.png
  artifactKey: Guid(199ad6c80baf0e84faa6f29877989527) Importer(815301076,1909f56bfc062723c751e8b465ee728b)
Start importing Assets/Images/KovaaK-Crosshair.png using Guid(199ad6c80baf0e84faa6f29877989527) Importer(815301076,1909f56bfc062723c751e8b465ee728b)  -> (artifact id: '45c4ea30d7984bc7480345930f6b0307') in 0.015904 seconds 
========================================================================
Received Import Request.
  Time since last request: 36.017191 seconds.
  path: Assets/Images/KovaaK-Crosshair.png
  artifactKey: Guid(199ad6c80baf0e84faa6f29877989527) Importer(815301076,1909f56bfc062723c751e8b465ee728b)
Start importing Assets/Images/KovaaK-Crosshair.png using Guid(199ad6c80baf0e84faa6f29877989527) Importer(815301076,1909f56bfc062723c751e8b465ee728b)  -> (artifact id: 'a739c80dab85c02ae098515864237e5d') in 0.007117 seconds 
========================================================================
Received Import Request.
  Time since last request: 3.981019 seconds.
  path: Assets/Images/KovaaK-Crosshair.png
  artifactKey: Guid(199ad6c80baf0e84faa6f29877989527) Importer(815301076,1909f56bfc062723c751e8b465ee728b)
Start importing Assets/Images/KovaaK-Crosshair.png using Guid(199ad6c80baf0e84faa6f29877989527) Importer(815301076,1909f56bfc062723c751e8b465ee728b)  -> (artifact id: '41e13d8d41086d922a5727bcb50ffa40') in 0.031257 seconds 
========================================================================
Received Prepare
Registering precompiled user dll's ...
Registered in 0.003833 seconds.
Begin MonoManager ReloadAssembly
Symbol file LoadedFromMemory doesn't match image D:\Universidad\Proyectos Unity\disdevi05_t9_lab\disdevi05_t9_lab\Library\PackageCache\com.unity.visualscripting@1.7.8\Editor\VisualScripting.Core\Dependencies\YamlDotNet\Unity.VisualScripting.YamlDotNet.dll
Symbol file LoadedFromMemory doesn't match image D:\Universidad\Proyectos Unity\disdevi05_t9_lab\disdevi05_t9_lab\Library\PackageCache\com.unity.visualscripting@1.7.8\Editor\VisualScripting.Core\Dependencies\DotNetZip\Unity.VisualScripting.IonicZip.dll
Native extension for WindowsStandalone target not found
Refreshing native plugins compatible for Editor in 0.58 ms, found 3 plugins.
Preloading 0 native plugins for Editor in 0.00 ms.
Mono: successfully reloaded assembly
- Completed reload, in  0.837 seconds
Domain Reload Profiling:
	ReloadAssembly (837ms)
		BeginReloadAssembly (119ms)
			ExecutionOrderSort (0ms)
			DisableScriptedObjects (4ms)
			BackupInstance (0ms)
			ReleaseScriptingObjects (0ms)
			CreateAndSetChildDomain (30ms)
		EndReloadAssembly (645ms)
			LoadAssemblies (83ms)
			RebuildTransferFunctionScriptingTraits (0ms)
			SetupTypeCache (215ms)
			ReleaseScriptCaches (1ms)
			RebuildScriptCaches (34ms)
			SetupLoadedEditorAssemblies (292ms)
				LogAssemblyErrors (0ms)
				InitializePlatformSupportModulesInManaged (9ms)
				SetLoadedEditorAssemblies (0ms)
				RefreshPlugins (1ms)
				BeforeProcessingInitializeOnLoad (50ms)
				ProcessInitializeOnLoadAttributes (208ms)
				ProcessInitializeOnLoadMethodAttributes (22ms)
				AfterProcessingInitializeOnLoad (2ms)
				EditorAssembliesLoaded (0ms)
			ExecutionOrderSort2 (0ms)
			AwakeInstancesAfterBackupRestoration (6ms)
Platform modules already initialized, skipping
Refreshing native plugins compatible for Editor in 1.54 ms, found 3 plugins.
Preloading 0 native plugins for Editor in 0.00 ms.
Unloading 3726 Unused Serialized files (Serialized files now loaded: 0)
Unloading 21 unused Assets / (80.5 KB). Loaded Objects now: 4252.
Memory consumption went from 138.9 MB to 138.8 MB.
Total: 2.412200 ms (FindLiveObjects: 0.254700 ms CreateObjectMapping: 0.173900 ms MarkObjects: 1.915900 ms  DeleteObjects: 0.067000 ms)

AssetImportParameters requested are different than current active one (requested -> active):
  custom:video-decoder-ogg-theora: a1e56fd34408186e4bbccfd4996cb3dc -> 
  custom:container-muxer-webm: aa71ff27fc2769a1b78a27578f13a17b -> 
  custom:container-demuxer-webm: 4f35f7cbe854078d1ac9338744f61a02 -> 
  custom:video-encoder-webm-vp8: eb34c28f22e8b96e1ab97ce403110664 -> 
  custom:audio-encoder-webm-vorbis: bf7c407c2cedff20999df2af8eb42d56 -> 
  custom:framework-win-MediaFoundation: 216162199b28c13a410421893ffa2e32 -> 
  custom:container-demuxer-ogg: 62fdf1f143b41e24485cea50d1cbac27 -> 
  custom:video-decoder-webm-vp8: 9c59270c3fd7afecdb556c50c9e8de78 -> 
  custom:audio-decoder-ogg-vorbis: bf7c407c2cedff20999df2af8eb42d56 -> 
========================================================================
Received Prepare
Registering precompiled user dll's ...
Registered in 0.004083 seconds.
Begin MonoManager ReloadAssembly
Symbol file LoadedFromMemory doesn't match image D:\Universidad\Proyectos Unity\disdevi05_t9_lab\disdevi05_t9_lab\Library\PackageCache\com.unity.visualscripting@1.7.8\Editor\VisualScripting.Core\Dependencies\YamlDotNet\Unity.VisualScripting.YamlDotNet.dll
Symbol file LoadedFromMemory doesn't match image D:\Universidad\Proyectos Unity\disdevi05_t9_lab\disdevi05_t9_lab\Library\PackageCache\com.unity.visualscripting@1.7.8\Editor\VisualScripting.Core\Dependencies\DotNetZip\Unity.VisualScripting.IonicZip.dll
Native extension for WindowsStandalone target not found
Refreshing native plugins compatible for Editor in 0.70 ms, found 3 plugins.
Preloading 0 native plugins for Editor in 0.00 ms.
Mono: successfully reloaded assembly
- Completed reload, in  0.832 seconds
Domain Reload Profiling:
	ReloadAssembly (832ms)
		BeginReloadAssembly (115ms)
			ExecutionOrderSort (0ms)
			DisableScriptedObjects (4ms)
			BackupInstance (0ms)
			ReleaseScriptingObjects (0ms)
			CreateAndSetChildDomain (27ms)
		EndReloadAssembly (645ms)
			LoadAssemblies (80ms)
			RebuildTransferFunctionScriptingTraits (0ms)
			SetupTypeCache (221ms)
			ReleaseScriptCaches (1ms)
			RebuildScriptCaches (33ms)
			SetupLoadedEditorAssemblies (288ms)
				LogAssemblyErrors (0ms)
				InitializePlatformSupportModulesInManaged (9ms)
				SetLoadedEditorAssemblies (0ms)
				RefreshPlugins (1ms)
				BeforeProcessingInitializeOnLoad (49ms)
				ProcessInitializeOnLoadAttributes (205ms)
				ProcessInitializeOnLoadMethodAttributes (22ms)
				AfterProcessingInitializeOnLoad (3ms)
				EditorAssembliesLoaded (0ms)
			ExecutionOrderSort2 (0ms)
			AwakeInstancesAfterBackupRestoration (6ms)
Platform modules already initialized, skipping
Refreshing native plugins compatible for Editor in 1.57 ms, found 3 plugins.
Preloading 0 native plugins for Editor in 0.00 ms.
Unloading 3726 Unused Serialized files (Serialized files now loaded: 0)
Unloading 21 unused Assets / (80.6 KB). Loaded Objects now: 4255.
Memory consumption went from 138.9 MB to 138.8 MB.
Total: 2.389700 ms (FindLiveObjects: 0.240400 ms CreateObjectMapping: 0.162000 ms MarkObjects: 1.915600 ms  DeleteObjects: 0.071100 ms)

AssetImportParameters requested are different than current active one (requested -> active):
  custom:video-decoder-ogg-theora: a1e56fd34408186e4bbccfd4996cb3dc -> 
  custom:container-muxer-webm: aa71ff27fc2769a1b78a27578f13a17b -> 
  custom:container-demuxer-webm: 4f35f7cbe854078d1ac9338744f61a02 -> 
  custom:video-encoder-webm-vp8: eb34c28f22e8b96e1ab97ce403110664 -> 
  custom:audio-encoder-webm-vorbis: bf7c407c2cedff20999df2af8eb42d56 -> 
  custom:framework-win-MediaFoundation: 216162199b28c13a410421893ffa2e32 -> 
  custom:container-demuxer-ogg: 62fdf1f143b41e24485cea50d1cbac27 -> 
  custom:video-decoder-webm-vp8: 9c59270c3fd7afecdb556c50c9e8de78 -> 
  custom:audio-decoder-ogg-vorbis: bf7c407c2cedff20999df2af8eb42d56 -> 
========================================================================
Received Prepare
Registering precompiled user dll's ...
Registered in 0.003968 seconds.
Begin MonoManager ReloadAssembly
Symbol file LoadedFromMemory doesn't match image D:\Universidad\Proyectos Unity\disdevi05_t9_lab\disdevi05_t9_lab\Library\PackageCache\com.unity.visualscripting@1.7.8\Editor\VisualScripting.Core\Dependencies\YamlDotNet\Unity.VisualScripting.YamlDotNet.dll
Symbol file LoadedFromMemory doesn't match image D:\Universidad\Proyectos Unity\disdevi05_t9_lab\disdevi05_t9_lab\Library\PackageCache\com.unity.visualscripting@1.7.8\Editor\VisualScripting.Core\Dependencies\DotNetZip\Unity.VisualScripting.IonicZip.dll
Native extension for WindowsStandalone target not found
Refreshing native plugins compatible for Editor in 0.59 ms, found 3 plugins.
Preloading 0 native plugins for Editor in 0.00 ms.
Mono: successfully reloaded assembly
- Completed reload, in  0.842 seconds
Domain Reload Profiling:
	ReloadAssembly (842ms)
		BeginReloadAssembly (115ms)
			ExecutionOrderSort (0ms)
			DisableScriptedObjects (4ms)
			BackupInstance (0ms)
			ReleaseScriptingObjects (0ms)
			CreateAndSetChildDomain (27ms)
		EndReloadAssembly (654ms)
			LoadAssemblies (81ms)
			RebuildTransferFunctionScriptingTraits (0ms)
			SetupTypeCache (224ms)
			ReleaseScriptCaches (1ms)
			RebuildScriptCaches (33ms)
			SetupLoadedEditorAssemblies (294ms)
				LogAssemblyErrors (0ms)
				InitializePlatformSupportModulesInManaged (9ms)
				SetLoadedEditorAssemblies (0ms)
				RefreshPlugins (1ms)
				BeforeProcessingInitializeOnLoad (49ms)
				ProcessInitializeOnLoadAttributes (209ms)
				ProcessInitializeOnLoadMethodAttributes (23ms)
				AfterProcessingInitializeOnLoad (3ms)
				EditorAssembliesLoaded (0ms)
			ExecutionOrderSort2 (0ms)
			AwakeInstancesAfterBackupRestoration (6ms)
Platform modules already initialized, skipping
Refreshing native plugins compatible for Editor in 1.64 ms, found 3 plugins.
Preloading 0 native plugins for Editor in 0.00 ms.
Unloading 3726 Unused Serialized files (Serialized files now loaded: 0)
Unloading 21 unused Assets / (80.7 KB). Loaded Objects now: 4258.
Memory consumption went from 138.9 MB to 138.8 MB.
Total: 2.497700 ms (FindLiveObjects: 0.269600 ms CreateObjectMapping: 0.178000 ms MarkObjects: 1.976600 ms  DeleteObjects: 0.073000 ms)

AssetImportParameters requested are different than current active one (requested -> active):
  custom:video-decoder-ogg-theora: a1e56fd34408186e4bbccfd4996cb3dc -> 
  custom:container-muxer-webm: aa71ff27fc2769a1b78a27578f13a17b -> 
  custom:container-demuxer-webm: 4f35f7cbe854078d1ac9338744f61a02 -> 
  custom:video-encoder-webm-vp8: eb34c28f22e8b96e1ab97ce403110664 -> 
  custom:audio-encoder-webm-vorbis: bf7c407c2cedff20999df2af8eb42d56 -> 
  custom:framework-win-MediaFoundation: 216162199b28c13a410421893ffa2e32 -> 
  custom:container-demuxer-ogg: 62fdf1f143b41e24485cea50d1cbac27 -> 
  custom:video-decoder-webm-vp8: 9c59270c3fd7afecdb556c50c9e8de78 -> 
  custom:audio-decoder-ogg-vorbis: bf7c407c2cedff20999df2af8eb42d56 -> 
========================================================================
Received Prepare
Registering precompiled user dll's ...
Registered in 0.003852 seconds.
Begin MonoManager ReloadAssembly
Symbol file LoadedFromMemory doesn't match image D:\Universidad\Proyectos Unity\disdevi05_t9_lab\disdevi05_t9_lab\Library\PackageCache\com.unity.visualscripting@1.7.8\Editor\VisualScripting.Core\Dependencies\YamlDotNet\Unity.VisualScripting.YamlDotNet.dll
Symbol file LoadedFromMemory doesn't match image D:\Universidad\Proyectos Unity\disdevi05_t9_lab\disdevi05_t9_lab\Library\PackageCache\com.unity.visualscripting@1.7.8\Editor\VisualScripting.Core\Dependencies\DotNetZip\Unity.VisualScripting.IonicZip.dll
Native extension for WindowsStandalone target not found
Refreshing native plugins compatible for Editor in 0.58 ms, found 3 plugins.
Preloading 0 native plugins for Editor in 0.00 ms.
Mono: successfully reloaded assembly
- Completed reload, in  0.813 seconds
Domain Reload Profiling:
	ReloadAssembly (813ms)
		BeginReloadAssembly (112ms)
			ExecutionOrderSort (0ms)
			DisableScriptedObjects (4ms)
			BackupInstance (0ms)
			ReleaseScriptingObjects (0ms)
			CreateAndSetChildDomain (25ms)
		EndReloadAssembly (628ms)
			LoadAssemblies (78ms)
			RebuildTransferFunctionScriptingTraits (0ms)
			SetupTypeCache (207ms)
			ReleaseScriptCaches (1ms)
			RebuildScriptCaches (33ms)
			SetupLoadedEditorAssemblies (290ms)
				LogAssemblyErrors (0ms)
				InitializePlatformSupportModulesInManaged (9ms)
				SetLoadedEditorAssemblies (0ms)
				RefreshPlugins (1ms)
				BeforeProcessingInitializeOnLoad (49ms)
				ProcessInitializeOnLoadAttributes (204ms)
				ProcessInitializeOnLoadMethodAttributes (25ms)
				AfterProcessingInitializeOnLoad (2ms)
				EditorAssembliesLoaded (0ms)
			ExecutionOrderSort2 (0ms)
			AwakeInstancesAfterBackupRestoration (6ms)
Platform modules already initialized, skipping
Refreshing native plugins compatible for Editor in 1.52 ms, found 3 plugins.
Preloading 0 native plugins for Editor in 0.00 ms.
Unloading 3726 Unused Serialized files (Serialized files now loaded: 0)
Unloading 21 unused Assets / (80.5 KB). Loaded Objects now: 4261.
Memory consumption went from 138.9 MB to 138.8 MB.
Total: 2.299200 ms (FindLiveObjects: 0.244500 ms CreateObjectMapping: 0.150700 ms MarkObjects: 1.838500 ms  DeleteObjects: 0.064900 ms)

AssetImportParameters requested are different than current active one (requested -> active):
  custom:video-decoder-ogg-theora: a1e56fd34408186e4bbccfd4996cb3dc -> 
  custom:container-muxer-webm: aa71ff27fc2769a1b78a27578f13a17b -> 
  custom:container-demuxer-webm: 4f35f7cbe854078d1ac9338744f61a02 -> 
  custom:video-encoder-webm-vp8: eb34c28f22e8b96e1ab97ce403110664 -> 
  custom:audio-encoder-webm-vorbis: bf7c407c2cedff20999df2af8eb42d56 -> 
  custom:framework-win-MediaFoundation: 216162199b28c13a410421893ffa2e32 -> 
  custom:container-demuxer-ogg: 62fdf1f143b41e24485cea50d1cbac27 -> 
  custom:video-decoder-webm-vp8: 9c59270c3fd7afecdb556c50c9e8de78 -> 
  custom:audio-decoder-ogg-vorbis: bf7c407c2cedff20999df2af8eb42d56 -> 
========================================================================
Received Import Request.
  Time since last request: 185.465149 seconds.
  path: Assets/TextMesh Pro/Resources/Fonts & Materials/LiberationSans SDF - Fallback.asset
  artifactKey: Guid(2e498d1c8094910479dc3e1b768306a4) Importer(815301076,1909f56bfc062723c751e8b465ee728b)
Start importing Assets/TextMesh Pro/Resources/Fonts & Materials/LiberationSans SDF - Fallback.asset using Guid(2e498d1c8094910479dc3e1b768306a4) Importer(815301076,1909f56bfc062723c751e8b465ee728b)  -> (artifact id: '1c11cd7cffefa8fba3a8855efc0982d9') in 0.120407 seconds 
========================================================================
Received Import Request.
  Time since last request: 0.000017 seconds.
  path: Assets/ADG_Textures/ground_vol1/ground1/ground1.mat
  artifactKey: Guid(2ad85dfe2430c9944a67aabf28740c2d) Importer(815301076,1909f56bfc062723c751e8b465ee728b)
Start importing Assets/ADG_Textures/ground_vol1/ground1/ground1.mat using Guid(2ad85dfe2430c9944a67aabf28740c2d) Importer(815301076,1909f56bfc062723c751e8b465ee728b)  -> (artifact id: '17cd4e4151431d16fd00794721bb343a') in 0.077722 seconds 
========================================================================
Received Import Request.
  Time since last request: 0.000016 seconds.
  path: Assets/ADG_Textures/ground_vol1/ground10/ground10.mat
  artifactKey: Guid(43d91cc396861f443b5574aef062e3d3) Importer(815301076,1909f56bfc062723c751e8b465ee728b)
Start importing Assets/ADG_Textures/ground_vol1/ground10/ground10.mat using Guid(43d91cc396861f443b5574aef062e3d3) Importer(815301076,1909f56bfc062723c751e8b465ee728b)  -> (artifact id: '5ac978692976101e99f12124f228cc4c') in 0.023088 seconds 
========================================================================
Received Import Request.
  Time since last request: 0.000026 seconds.
  path: Assets/ADG_Textures/ground_vol1/ground12/ground12.mat
  artifactKey: Guid(43f38029a9368894a9fb4dd19ce0bfcd) Importer(815301076,1909f56bfc062723c751e8b465ee728b)
Start importing Assets/ADG_Textures/ground_vol1/ground12/ground12.mat using Guid(43f38029a9368894a9fb4dd19ce0bfcd) Importer(815301076,1909f56bfc062723c751e8b465ee728b)  -> (artifact id: '070a6d286709ab5f3f2fe82c0f15739b') in 0.015067 seconds 
========================================================================
Received Import Request.
  Time since last request: 0.000022 seconds.
  path: Assets/TextMesh Pro/Fonts/LiberationSans.ttf
  artifactKey: Guid(e3265ab4bf004d28a9537516768c1c75) Importer(815301076,1909f56bfc062723c751e8b465ee728b)
Start importing Assets/TextMesh Pro/Fonts/LiberationSans.ttf using Guid(e3265ab4bf004d28a9537516768c1c75) Importer(815301076,1909f56bfc062723c751e8b465ee728b)  -> (artifact id: 'f3bd036785823e2281556a384dd6489b') in 0.017875 seconds 
========================================================================
Received Import Request.
  Time since last request: 0.000017 seconds.
  path: Assets/TextMesh Pro/Resources/Fonts & Materials/LiberationSans SDF.asset
  artifactKey: Guid(8f586378b4e144a9851e7b34d9b748ee) Importer(815301076,1909f56bfc062723c751e8b465ee728b)
Start importing Assets/TextMesh Pro/Resources/Fonts & Materials/LiberationSans SDF.asset using Guid(8f586378b4e144a9851e7b34d9b748ee) Importer(815301076,1909f56bfc062723c751e8b465ee728b)  -> (artifact id: '763aae85bbd406c09e3bfae27cc8c79a') in 0.030193 seconds 
========================================================================
Received Import Request.
  Time since last request: 0.000016 seconds.
  path: Assets/ADG_Textures/ground_vol1/ground9/ground9.mat
  artifactKey: Guid(808ad643de188e240b57498ca61b98a8) Importer(815301076,1909f56bfc062723c751e8b465ee728b)
Start importing Assets/ADG_Textures/ground_vol1/ground9/ground9.mat using Guid(808ad643de188e240b57498ca61b98a8) Importer(815301076,1909f56bfc062723c751e8b465ee728b)  -> (artifact id: '84d9645cf6d59d7607f69c72b0a3b007') in 0.014925 seconds 
========================================================================
Received Import Request.
  Time since last request: 0.000021 seconds.
  path: Assets/ADG_Textures/ground_vol1/ground8/ground8.mat
  artifactKey: Guid(57208e3c02c59dc4bba6832237467e57) Importer(815301076,1909f56bfc062723c751e8b465ee728b)
Start importing Assets/ADG_Textures/ground_vol1/ground8/ground8.mat using Guid(57208e3c02c59dc4bba6832237467e57) Importer(815301076,1909f56bfc062723c751e8b465ee728b)  -> (artifact id: 'e2755bf11de68b5e95eea71d6bf7d5e6') in 0.015422 seconds 
========================================================================
Received Import Request.
  Time since last request: 0.000022 seconds.
  path: Assets/ADG_Textures/ground_vol1/ground14/ground14.mat
  artifactKey: Guid(3b7bee62bfdf81742a7e944ddd698742) Importer(815301076,1909f56bfc062723c751e8b465ee728b)
Start importing Assets/ADG_Textures/ground_vol1/ground14/ground14.mat using Guid(3b7bee62bfdf81742a7e944ddd698742) Importer(815301076,1909f56bfc062723c751e8b465ee728b)  -> (artifact id: '48bbd0e1fa8546292c67fc2cd72b3572') in 0.018653 seconds 
========================================================================
Received Prepare
Registering precompiled user dll's ...
Registered in 0.004167 seconds.
Begin MonoManager ReloadAssembly
Symbol file LoadedFromMemory doesn't match image D:\Universidad\Proyectos Unity\disdevi05_t9_lab\disdevi05_t9_lab\Library\PackageCache\com.unity.visualscripting@1.7.8\Editor\VisualScripting.Core\Dependencies\YamlDotNet\Unity.VisualScripting.YamlDotNet.dll
Symbol file LoadedFromMemory doesn't match image D:\Universidad\Proyectos Unity\disdevi05_t9_lab\disdevi05_t9_lab\Library\PackageCache\com.unity.visualscripting@1.7.8\Editor\VisualScripting.Core\Dependencies\DotNetZip\Unity.VisualScripting.IonicZip.dll
Native extension for WindowsStandalone target not found
Refreshing native plugins compatible for Editor in 0.63 ms, found 3 plugins.
Preloading 0 native plugins for Editor in 0.00 ms.
Mono: successfully reloaded assembly
- Completed reload, in  0.923 seconds
Domain Reload Profiling:
	ReloadAssembly (924ms)
		BeginReloadAssembly (138ms)
			ExecutionOrderSort (0ms)
			DisableScriptedObjects (4ms)
			BackupInstance (0ms)
			ReleaseScriptingObjects (0ms)
			CreateAndSetChildDomain (28ms)
		EndReloadAssembly (712ms)
			LoadAssemblies (107ms)
			RebuildTransferFunctionScriptingTraits (0ms)
			SetupTypeCache (235ms)
			ReleaseScriptCaches (1ms)
			RebuildScriptCaches (40ms)
			SetupLoadedEditorAssemblies (320ms)
				LogAssemblyErrors (0ms)
				InitializePlatformSupportModulesInManaged (10ms)
				SetLoadedEditorAssemblies (0ms)
				RefreshPlugins (1ms)
				BeforeProcessingInitializeOnLoad (58ms)
				ProcessInitializeOnLoadAttributes (224ms)
				ProcessInitializeOnLoadMethodAttributes (23ms)
				AfterProcessingInitializeOnLoad (3ms)
				EditorAssembliesLoaded (0ms)
			ExecutionOrderSort2 (0ms)
			AwakeInstancesAfterBackupRestoration (7ms)
Platform modules already initialized, skipping
Refreshing native plugins compatible for Editor in 2.28 ms, found 3 plugins.
Preloading 0 native plugins for Editor in 0.00 ms.
Unloading 3726 Unused Serialized files (Serialized files now loaded: 0)
Unloading 21 unused Assets / (80.6 KB). Loaded Objects now: 4302.
Memory consumption went from 139.3 MB to 139.2 MB.
Total: 2.431800 ms (FindLiveObjects: 0.250500 ms CreateObjectMapping: 0.176600 ms MarkObjects: 1.936600 ms  DeleteObjects: 0.067100 ms)

AssetImportParameters requested are different than current active one (requested -> active):
  custom:video-decoder-ogg-theora: a1e56fd34408186e4bbccfd4996cb3dc -> 
  custom:container-muxer-webm: aa71ff27fc2769a1b78a27578f13a17b -> 
  custom:container-demuxer-webm: 4f35f7cbe854078d1ac9338744f61a02 -> 
  custom:video-encoder-webm-vp8: eb34c28f22e8b96e1ab97ce403110664 -> 
  custom:audio-encoder-webm-vorbis: bf7c407c2cedff20999df2af8eb42d56 -> 
  custom:framework-win-MediaFoundation: 216162199b28c13a410421893ffa2e32 -> 
  custom:container-demuxer-ogg: 62fdf1f143b41e24485cea50d1cbac27 -> 
  custom:video-decoder-webm-vp8: 9c59270c3fd7afecdb556c50c9e8de78 -> 
  custom:audio-decoder-ogg-vorbis: bf7c407c2cedff20999df2af8eb42d56 -> 
