Using pre-set license
Built from '2021.3/release' branch; Version is '2021.3.12f1 (8af3c3e441b1) revision 9106371'; Using compiler version '192829333'; Build Type 'Release'
OS: 'Windows 10  (10.0.19044) 64bit Professional' Language: 'es' Physical Memory: 65400 MB
BatchMode: 1, IsHumanControllingUs: 0, StartBugReporterOnCrash: 0, Is64bit: 1, IsPro: 1

COMMAND LINE ARGUMENTS:
D:\UnityEditor\2021.3.12f1\Editor\Unity.exe
-adb2
-batchMode
-noUpm
-name
AssetImportWorker0
-projectPath
D:/Universidad/Proyectos Unity/disdevi05_t9_lab/disdevi05_t9_lab
-logFile
Logs/AssetImportWorker0.log
-srvPort
65234
Successfully changed project path to: D:/Universidad/Proyectos Unity/disdevi05_t9_lab/disdevi05_t9_lab
D:/Universidad/Proyectos Unity/disdevi05_t9_lab/disdevi05_t9_lab
[UnityMemory] Configuration Parameters - Can be set up in boot.config
    "memorysetup-bucket-allocator-granularity=16"
    "memorysetup-bucket-allocator-bucket-count=8"
    "memorysetup-bucket-allocator-block-size=33554432"
    "memorysetup-bucket-allocator-block-count=8"
    "memorysetup-main-allocator-block-size=16777216"
    "memorysetup-thread-allocator-block-size=16777216"
    "memorysetup-gfx-main-allocator-block-size=16777216"
    "memorysetup-gfx-thread-allocator-block-size=16777216"
    "memorysetup-cache-allocator-block-size=4194304"
    "memorysetup-typetree-allocator-block-size=2097152"
    "memorysetup-profiler-bucket-allocator-granularity=16"
    "memorysetup-profiler-bucket-allocator-bucket-count=8"
    "memorysetup-profiler-bucket-allocator-block-size=33554432"
    "memorysetup-profiler-bucket-allocator-block-count=8"
    "memorysetup-profiler-allocator-block-size=16777216"
    "memorysetup-profiler-editor-allocator-block-size=1048576"
    "memorysetup-temp-allocator-size-main=16777216"
    "memorysetup-job-temp-allocator-block-size=2097152"
    "memorysetup-job-temp-allocator-block-size-background=1048576"
    "memorysetup-job-temp-allocator-reduction-small-platforms=262144"
    "memorysetup-temp-allocator-size-background-worker=32768"
    "memorysetup-temp-allocator-size-job-worker=262144"
    "memorysetup-temp-allocator-size-preload-manager=33554432"
    "memorysetup-temp-allocator-size-nav-mesh-worker=65536"
    "memorysetup-temp-allocator-size-audio-worker=65536"
    "memorysetup-temp-allocator-size-cloud-worker=32768"
    "memorysetup-temp-allocator-size-gi-baking-worker=262144"
    "memorysetup-temp-allocator-size-gfx=262144"
Refreshing native plugins compatible for Editor in 95.74 ms, found 3 plugins.
Preloading 0 native plugins for Editor in 0.00 ms.
Initialize engine version: 2021.3.12f1 (8af3c3e441b1)
[Subsystems] Discovering subsystems at path D:/UnityEditor/2021.3.12f1/Editor/Data/Resources/UnitySubsystems
[Subsystems] Discovering subsystems at path D:/Universidad/Proyectos Unity/disdevi05_t9_lab/disdevi05_t9_lab/Assets
GfxDevice: creating device client; threaded=0; jobified=0
Direct3D:
    Version:  Direct3D 11.0 [level 11.1]
    Renderer: NVIDIA GeForce RTX 3080 (ID=0x2206)
    Vendor:   NVIDIA
    VRAM:     10067 MB
    Driver:   31.0.15.2756
Initialize mono
Mono path[0] = 'D:/UnityEditor/2021.3.12f1/Editor/Data/Managed'
Mono path[1] = 'D:/UnityEditor/2021.3.12f1/Editor/Data/MonoBleedingEdge/lib/mono/unityjit-win32'
Mono config path = 'D:/UnityEditor/2021.3.12f1/Editor/Data/MonoBleedingEdge/etc'
Using monoOptions --debugger-agent=transport=dt_socket,embedding=1,server=y,suspend=n,address=127.0.0.1:56144
Begin MonoManager ReloadAssembly
Registering precompiled unity dll's ...
Register platform support module: D:/UnityEditor/2021.3.12f1/Editor/Data/PlaybackEngines/WindowsStandaloneSupport/UnityEditor.WindowsStandalone.Extensions.dll
Registered in 0.002227 seconds.
Native extension for WindowsStandalone target not found
Refreshing native plugins compatible for Editor in 89.21 ms, found 3 plugins.
Preloading 0 native plugins for Editor in 0.00 ms.
Mono: successfully reloaded assembly
- Completed reload, in  0.538 seconds
Domain Reload Profiling:
	ReloadAssembly (539ms)
		BeginReloadAssembly (64ms)
			ExecutionOrderSort (0ms)
			DisableScriptedObjects (0ms)
			BackupInstance (0ms)
			ReleaseScriptingObjects (0ms)
			CreateAndSetChildDomain (1ms)
		EndReloadAssembly (393ms)
			LoadAssemblies (64ms)
			RebuildTransferFunctionScriptingTraits (0ms)
			SetupTypeCache (84ms)
			ReleaseScriptCaches (0ms)
			RebuildScriptCaches (23ms)
			SetupLoadedEditorAssemblies (248ms)
				LogAssemblyErrors (0ms)
				InitializePlatformSupportModulesInManaged (5ms)
				SetLoadedEditorAssemblies (0ms)
				RefreshPlugins (89ms)
				BeforeProcessingInitializeOnLoad (1ms)
				ProcessInitializeOnLoadAttributes (116ms)
				ProcessInitializeOnLoadMethodAttributes (36ms)
				AfterProcessingInitializeOnLoad (0ms)
				EditorAssembliesLoaded (0ms)
			ExecutionOrderSort2 (0ms)
			AwakeInstancesAfterBackupRestoration (0ms)
Platform modules already initialized, skipping
Registering precompiled user dll's ...
Registered in 0.004026 seconds.
Begin MonoManager ReloadAssembly
Symbol file LoadedFromMemory doesn't match image D:\Universidad\Proyectos Unity\disdevi05_t9_lab\disdevi05_t9_lab\Library\PackageCache\com.unity.visualscripting@1.7.8\Editor\VisualScripting.Core\Dependencies\YamlDotNet\Unity.VisualScripting.YamlDotNet.dll
Symbol file LoadedFromMemory doesn't match image D:\Universidad\Proyectos Unity\disdevi05_t9_lab\disdevi05_t9_lab\Library\PackageCache\com.unity.visualscripting@1.7.8\Editor\VisualScripting.Core\Dependencies\DotNetZip\Unity.VisualScripting.IonicZip.dll
Native extension for WindowsStandalone target not found
Refreshing native plugins compatible for Editor in 87.12 ms, found 3 plugins.
Preloading 0 native plugins for Editor in 0.00 ms.
Mono: successfully reloaded assembly
- Completed reload, in  0.982 seconds
Domain Reload Profiling:
	ReloadAssembly (983ms)
		BeginReloadAssembly (94ms)
			ExecutionOrderSort (0ms)
			DisableScriptedObjects (5ms)
			BackupInstance (0ms)
			ReleaseScriptingObjects (0ms)
			CreateAndSetChildDomain (14ms)
		EndReloadAssembly (801ms)
			LoadAssemblies (75ms)
			RebuildTransferFunctionScriptingTraits (0ms)
			SetupTypeCache (221ms)
			ReleaseScriptCaches (1ms)
			RebuildScriptCaches (42ms)
			SetupLoadedEditorAssemblies (440ms)
				LogAssemblyErrors (0ms)
				InitializePlatformSupportModulesInManaged (3ms)
				SetLoadedEditorAssemblies (0ms)
				RefreshPlugins (87ms)
				BeforeProcessingInitializeOnLoad (71ms)
				ProcessInitializeOnLoadAttributes (256ms)
				ProcessInitializeOnLoadMethodAttributes (21ms)
				AfterProcessingInitializeOnLoad (2ms)
				EditorAssembliesLoaded (0ms)
			ExecutionOrderSort2 (0ms)
			AwakeInstancesAfterBackupRestoration (5ms)
Platform modules already initialized, skipping
========================================================================
Worker process is ready to serve import requests
Launched and connected shader compiler UnityShaderCompiler.exe after 0.03 seconds
Refreshing native plugins compatible for Editor in 0.78 ms, found 3 plugins.
Preloading 0 native plugins for Editor in 0.00 ms.
Unloading 3754 Unused Serialized files (Serialized files now loaded: 0)
Unloading 30 unused Assets / (113.9 KB). Loaded Objects now: 4218.
Memory consumption went from 135.6 MB to 135.5 MB.
Total: 2.529200 ms (FindLiveObjects: 0.273000 ms CreateObjectMapping: 0.221500 ms MarkObjects: 1.949200 ms  DeleteObjects: 0.084800 ms)

AssetImportParameters requested are different than current active one (requested -> active):
  custom:video-decoder-ogg-theora: a1e56fd34408186e4bbccfd4996cb3dc -> 
  custom:container-muxer-webm: aa71ff27fc2769a1b78a27578f13a17b -> 
  custom:container-demuxer-webm: 4f35f7cbe854078d1ac9338744f61a02 -> 
  custom:video-encoder-webm-vp8: eb34c28f22e8b96e1ab97ce403110664 -> 
  custom:audio-encoder-webm-vorbis: bf7c407c2cedff20999df2af8eb42d56 -> 
  custom:framework-win-MediaFoundation: 216162199b28c13a410421893ffa2e32 -> 
  custom:container-demuxer-ogg: 62fdf1f143b41e24485cea50d1cbac27 -> 
  custom:video-decoder-webm-vp8: 9c59270c3fd7afecdb556c50c9e8de78 -> 
  custom:audio-decoder-ogg-vorbis: bf7c407c2cedff20999df2af8eb42d56 -> 
========================================================================
Received Import Request.
  Time since last request: 91632.583931 seconds.
  path: Assets/Inputs/PlayerInput.inputactions
  artifactKey: Guid(629b1d0fddd29994ca0ea356fbe383f2) Importer(815301076,1909f56bfc062723c751e8b465ee728b)
Start importing Assets/Inputs/PlayerInput.inputactions using Guid(629b1d0fddd29994ca0ea356fbe383f2) Importer(815301076,1909f56bfc062723c751e8b465ee728b)  -> (artifact id: 'e662afdf1289d2407045820088ce60b8') in 0.031878 seconds 
========================================================================
Received Import Request.
  Time since last request: 124.634758 seconds.
  path: Assets/TooManyCrosshairs/2048px/Scopes
  artifactKey: Guid(dccd93c3b1713ff4e8e4ce77d8cbb216) Importer(815301076,1909f56bfc062723c751e8b465ee728b)
Start importing Assets/TooManyCrosshairs/2048px/Scopes using Guid(dccd93c3b1713ff4e8e4ce77d8cbb216) Importer(815301076,1909f56bfc062723c751e8b465ee728b)  -> (artifact id: '7d1735b5f8c14ce7173ad9ce97b4b39d') in 0.004614 seconds 
========================================================================
Received Import Request.
  Time since last request: 0.103401 seconds.
  path: Assets/TooManyCrosshairs/2048px/Scopes/BasicCrosshair2048.png
  artifactKey: Guid(88631905110784d4a82c23fd54d3ff71) Importer(815301076,1909f56bfc062723c751e8b465ee728b)
Start importing Assets/TooManyCrosshairs/2048px/Scopes/BasicCrosshair2048.png using Guid(88631905110784d4a82c23fd54d3ff71) Importer(815301076,1909f56bfc062723c751e8b465ee728b)  -> (artifact id: '4a42fe7a323a386a0945c1af64bb377f') in 0.082240 seconds 
========================================================================
Received Import Request.
  Time since last request: 0.000019 seconds.
  path: Assets/TooManyCrosshairs/2048px/Scopes/Duplex2048.png
  artifactKey: Guid(b59a4900ddfd976449b0a9fa75fb5788) Importer(815301076,1909f56bfc062723c751e8b465ee728b)
Start importing Assets/TooManyCrosshairs/2048px/Scopes/Duplex2048.png using Guid(b59a4900ddfd976449b0a9fa75fb5788) Importer(815301076,1909f56bfc062723c751e8b465ee728b)  -> (artifact id: '849de0c370e5ea441192be14f5749db7') in 0.015190 seconds 
========================================================================
Received Import Request.
  Time since last request: 0.000013 seconds.
  path: Assets/TooManyCrosshairs/2048px/Scopes/DuplexIlluminatedOuter2048.png
  artifactKey: Guid(ab6e492e28713e74d87966d727bd7b74) Importer(815301076,1909f56bfc062723c751e8b465ee728b)
Start importing Assets/TooManyCrosshairs/2048px/Scopes/DuplexIlluminatedOuter2048.png using Guid(ab6e492e28713e74d87966d727bd7b74) Importer(815301076,1909f56bfc062723c751e8b465ee728b)  -> (artifact id: '78d9244491e96c48c86557edd96f5541') in 0.025415 seconds 
========================================================================
Received Import Request.
  Time since last request: 0.000021 seconds.
  path: Assets/TooManyCrosshairs/2048px/Scopes/MilDotIlluminatedCenter2048.png
  artifactKey: Guid(19e62903607468142ac7e3f49b9724d0) Importer(815301076,1909f56bfc062723c751e8b465ee728b)
Start importing Assets/TooManyCrosshairs/2048px/Scopes/MilDotIlluminatedCenter2048.png using Guid(19e62903607468142ac7e3f49b9724d0) Importer(815301076,1909f56bfc062723c751e8b465ee728b)  -> (artifact id: '8ac0e1317a4a86f8005e917380517381') in 0.009906 seconds 
========================================================================
Received Import Request.
  Time since last request: 0.000020 seconds.
  path: Assets/TooManyCrosshairs/2048px/Scopes/MilDot2048.png
  artifactKey: Guid(3d2484da207c32f469bf62d4101f99d1) Importer(815301076,1909f56bfc062723c751e8b465ee728b)
Start importing Assets/TooManyCrosshairs/2048px/Scopes/MilDot2048.png using Guid(3d2484da207c32f469bf62d4101f99d1) Importer(815301076,1909f56bfc062723c751e8b465ee728b)  -> (artifact id: 'db2e4f3e2a32e8215cdbfa226ca8d525') in 0.011450 seconds 
========================================================================
Received Import Request.
  Time since last request: 0.000017 seconds.
  path: Assets/TooManyCrosshairs/2048px/Scopes/DuplexIlluminatedFull2048.png
  artifactKey: Guid(eee04ff2e030c4644b33214036ec8f61) Importer(815301076,1909f56bfc062723c751e8b465ee728b)
Start importing Assets/TooManyCrosshairs/2048px/Scopes/DuplexIlluminatedFull2048.png using Guid(eee04ff2e030c4644b33214036ec8f61) Importer(815301076,1909f56bfc062723c751e8b465ee728b)  -> (artifact id: 'f42c6ab4333558629cd2b85e53450cea') in 0.011895 seconds 
========================================================================
Received Import Request.
  Time since last request: 0.000021 seconds.
  path: Assets/TooManyCrosshairs/2048px/Scopes/MilDotIlluminatedOuter2048.png
  artifactKey: Guid(028149f8c84cddd419c1ae5438a5cd68) Importer(815301076,1909f56bfc062723c751e8b465ee728b)
Start importing Assets/TooManyCrosshairs/2048px/Scopes/MilDotIlluminatedOuter2048.png using Guid(028149f8c84cddd419c1ae5438a5cd68) Importer(815301076,1909f56bfc062723c751e8b465ee728b)  -> (artifact id: '23eba2a5a335cc4e9532528cd64489ac') in 0.010712 seconds 
========================================================================
Received Import Request.
  Time since last request: 0.000016 seconds.
  path: Assets/TooManyCrosshairs/2048px/Scopes/MarksmanFull2048.png
  artifactKey: Guid(555001e366a429b47b02e7c978d8fcbf) Importer(815301076,1909f56bfc062723c751e8b465ee728b)
Start importing Assets/TooManyCrosshairs/2048px/Scopes/MarksmanFull2048.png using Guid(555001e366a429b47b02e7c978d8fcbf) Importer(815301076,1909f56bfc062723c751e8b465ee728b)  -> (artifact id: 'c62048863531f84ca3f66d4b1388b7ec') in 0.011466 seconds 
========================================================================
Received Import Request.
  Time since last request: 22.707315 seconds.
  path: Assets/TooManyCrosshairs/Cursors/Cursors/Attack/Attack (5).png
  artifactKey: Guid(f1c48129857ff1f4cafc4998be2b41de) Importer(815301076,1909f56bfc062723c751e8b465ee728b)
Start importing Assets/TooManyCrosshairs/Cursors/Cursors/Attack/Attack (5).png using Guid(f1c48129857ff1f4cafc4998be2b41de) Importer(815301076,1909f56bfc062723c751e8b465ee728b)  -> (artifact id: '5b1e573fd6cfc59dfc1ce6445fc77eec') in 0.061536 seconds 
========================================================================
Received Import Request.
  Time since last request: 0.000035 seconds.
  path: Assets/TooManyCrosshairs/Cursors/Cursors/Attack/Attack (10).png
  artifactKey: Guid(08793769be30d9a4fa29953fc8cec28e) Importer(815301076,1909f56bfc062723c751e8b465ee728b)
Start importing Assets/TooManyCrosshairs/Cursors/Cursors/Attack/Attack (10).png using Guid(08793769be30d9a4fa29953fc8cec28e) Importer(815301076,1909f56bfc062723c751e8b465ee728b)  -> (artifact id: 'ae5766bf423e23d9a014d23ca7d85a56') in 0.011252 seconds 
========================================================================
Received Import Request.
  Time since last request: 4.421881 seconds.
  path: Packages/com.unity.collab-proxy/Editor/PlasticSCM/Assets/Images/d_cloudbuho.png
  artifactKey: Guid(e5600378dd761e64d9423790c482bf36) Importer(815301076,1909f56bfc062723c751e8b465ee728b)
Start importing Packages/com.unity.collab-proxy/Editor/PlasticSCM/Assets/Images/d_cloudbuho.png using Guid(e5600378dd761e64d9423790c482bf36) Importer(815301076,1909f56bfc062723c751e8b465ee728b)  -> (artifact id: '8abf222ae91efba17e44c3e9f4b0f8f8') in 0.051910 seconds 
========================================================================
Received Import Request.
  Time since last request: 0.339400 seconds.
  path: Packages/com.unity.collab-proxy/Editor/PlasticSCM/Assets/Images/d_colorbuhoshe.png
  artifactKey: Guid(a04ecc9d5e12d5d449077414eb86635e) Importer(815301076,1909f56bfc062723c751e8b465ee728b)
Start importing Packages/com.unity.collab-proxy/Editor/PlasticSCM/Assets/Images/d_colorbuhoshe.png using Guid(a04ecc9d5e12d5d449077414eb86635e) Importer(815301076,1909f56bfc062723c751e8b465ee728b)  -> (artifact id: '9baf2b415eb8f8e21b7b1e8690fadd5c') in 0.058528 seconds 
========================================================================
Received Prepare
Registering precompiled user dll's ...
Registered in 0.004351 seconds.
Begin MonoManager ReloadAssembly
Symbol file LoadedFromMemory doesn't match image D:\Universidad\Proyectos Unity\disdevi05_t9_lab\disdevi05_t9_lab\Library\PackageCache\com.unity.visualscripting@1.7.8\Editor\VisualScripting.Core\Dependencies\YamlDotNet\Unity.VisualScripting.YamlDotNet.dll
Symbol file LoadedFromMemory doesn't match image D:\Universidad\Proyectos Unity\disdevi05_t9_lab\disdevi05_t9_lab\Library\PackageCache\com.unity.visualscripting@1.7.8\Editor\VisualScripting.Core\Dependencies\DotNetZip\Unity.VisualScripting.IonicZip.dll
Native extension for WindowsStandalone target not found
Refreshing native plugins compatible for Editor in 0.80 ms, found 3 plugins.
Preloading 0 native plugins for Editor in 0.00 ms.
Mono: successfully reloaded assembly
- Completed reload, in  0.986 seconds
Domain Reload Profiling:
	ReloadAssembly (987ms)
		BeginReloadAssembly (140ms)
			ExecutionOrderSort (0ms)
			DisableScriptedObjects (4ms)
			BackupInstance (0ms)
			ReleaseScriptingObjects (0ms)
			CreateAndSetChildDomain (32ms)
		EndReloadAssembly (760ms)
			LoadAssemblies (104ms)
			RebuildTransferFunctionScriptingTraits (0ms)
			SetupTypeCache (265ms)
			ReleaseScriptCaches (1ms)
			RebuildScriptCaches (40ms)
			SetupLoadedEditorAssemblies (334ms)
				LogAssemblyErrors (0ms)
				InitializePlatformSupportModulesInManaged (9ms)
				SetLoadedEditorAssemblies (0ms)
				RefreshPlugins (1ms)
				BeforeProcessingInitializeOnLoad (55ms)
				ProcessInitializeOnLoadAttributes (236ms)
				ProcessInitializeOnLoadMethodAttributes (29ms)
				AfterProcessingInitializeOnLoad (2ms)
				EditorAssembliesLoaded (0ms)
			ExecutionOrderSort2 (0ms)
			AwakeInstancesAfterBackupRestoration (9ms)
Platform modules already initialized, skipping
Refreshing native plugins compatible for Editor in 2.90 ms, found 3 plugins.
Preloading 0 native plugins for Editor in 0.00 ms.
Unloading 3736 Unused Serialized files (Serialized files now loaded: 0)
Unloading 21 unused Assets / (80.6 KB). Loaded Objects now: 4231.
Memory consumption went from 138.5 MB to 138.4 MB.
Total: 3.527100 ms (FindLiveObjects: 0.278400 ms CreateObjectMapping: 0.194800 ms MarkObjects: 2.979600 ms  DeleteObjects: 0.073400 ms)

AssetImportParameters requested are different than current active one (requested -> active):
  custom:video-decoder-ogg-theora: a1e56fd34408186e4bbccfd4996cb3dc -> 
  custom:container-muxer-webm: aa71ff27fc2769a1b78a27578f13a17b -> 
  custom:container-demuxer-webm: 4f35f7cbe854078d1ac9338744f61a02 -> 
  custom:video-encoder-webm-vp8: eb34c28f22e8b96e1ab97ce403110664 -> 
  custom:audio-encoder-webm-vorbis: bf7c407c2cedff20999df2af8eb42d56 -> 
  custom:framework-win-MediaFoundation: 216162199b28c13a410421893ffa2e32 -> 
  custom:container-demuxer-ogg: 62fdf1f143b41e24485cea50d1cbac27 -> 
  custom:video-decoder-webm-vp8: 9c59270c3fd7afecdb556c50c9e8de78 -> 
  custom:audio-decoder-ogg-vorbis: bf7c407c2cedff20999df2af8eb42d56 -> 
========================================================================
Received Import Request.
  Time since last request: 62.682859 seconds.
  path: Assets/Western Demo Audio Assets/Doors/Door Open 1.wav
  artifactKey: Guid(adfb477aa2d8f44f1a8f3ffc61b6ccd5) Importer(815301076,1909f56bfc062723c751e8b465ee728b)
Start importing Assets/Western Demo Audio Assets/Doors/Door Open 1.wav using Guid(adfb477aa2d8f44f1a8f3ffc61b6ccd5) Importer(815301076,1909f56bfc062723c751e8b465ee728b)  -> (artifact id: 'ccc03008a026e14a846e96dfc1f5c4d3') in 0.077414 seconds 
========================================================================
Received Import Request.
  Time since last request: 0.000021 seconds.
  path: Assets/Western Demo Audio Assets/Doors/Window Close.wav
  artifactKey: Guid(80b31befe7ecf41079c487ce93b99ef5) Importer(815301076,1909f56bfc062723c751e8b465ee728b)
Start importing Assets/Western Demo Audio Assets/Doors/Window Close.wav using Guid(80b31befe7ecf41079c487ce93b99ef5) Importer(815301076,1909f56bfc062723c751e8b465ee728b)  -> (artifact id: '68e07f7df26fd4ed2519d01a40bf3a25') in 0.008052 seconds 
========================================================================
Received Import Request.
  Time since last request: 0.000015 seconds.
  path: Assets/Western Demo Audio Assets/Doors/Patio Squeak 1.wav
  artifactKey: Guid(f35311d9f54424b50bfae30761aa9cdc) Importer(815301076,1909f56bfc062723c751e8b465ee728b)
Start importing Assets/Western Demo Audio Assets/Doors/Patio Squeak 1.wav using Guid(f35311d9f54424b50bfae30761aa9cdc) Importer(815301076,1909f56bfc062723c751e8b465ee728b)  -> (artifact id: '8cf473043935f40955d22dfff00443d7') in 0.010110 seconds 
========================================================================
Received Import Request.
  Time since last request: 0.000029 seconds.
  path: Assets/Western Demo Audio Assets/Doors/Patio Door 1.wav
  artifactKey: Guid(2c25aa246dc784a29aedface4166774a) Importer(815301076,1909f56bfc062723c751e8b465ee728b)
Start importing Assets/Western Demo Audio Assets/Doors/Patio Door 1.wav using Guid(2c25aa246dc784a29aedface4166774a) Importer(815301076,1909f56bfc062723c751e8b465ee728b)  -> (artifact id: 'ad20cca555ab2c13466985bee19dff08') in 0.035336 seconds 
========================================================================
Received Import Request.
  Time since last request: 8.753737 seconds.
  path: Assets/Western Demo Audio Assets/Player/Footstep Wood 2.wav
  artifactKey: Guid(3b1990ebab39340b1b5b9868797919fc) Importer(815301076,1909f56bfc062723c751e8b465ee728b)
Start importing Assets/Western Demo Audio Assets/Player/Footstep Wood 2.wav using Guid(3b1990ebab39340b1b5b9868797919fc) Importer(815301076,1909f56bfc062723c751e8b465ee728b)  -> (artifact id: 'a2fe57a2149a3946905f0688c5552da0') in 0.009650 seconds 
========================================================================
Received Import Request.
  Time since last request: 0.000015 seconds.
  path: Assets/Western Demo Audio Assets/Player/Sand Footstep new 4.wav
  artifactKey: Guid(027dcff294339478d98ba358c0aeb528) Importer(815301076,1909f56bfc062723c751e8b465ee728b)
Start importing Assets/Western Demo Audio Assets/Player/Sand Footstep new 4.wav using Guid(027dcff294339478d98ba358c0aeb528) Importer(815301076,1909f56bfc062723c751e8b465ee728b)  -> (artifact id: 'ec505075b5f97d1fb682ddb9f003618b') in 0.015858 seconds 
========================================================================
Received Import Request.
  Time since last request: 0.000019 seconds.
  path: Assets/Western Demo Audio Assets/Player/Footstep Wood 6.wav
  artifactKey: Guid(c8fb00ca048674372b2223b7378f4460) Importer(815301076,1909f56bfc062723c751e8b465ee728b)
Start importing Assets/Western Demo Audio Assets/Player/Footstep Wood 6.wav using Guid(c8fb00ca048674372b2223b7378f4460) Importer(815301076,1909f56bfc062723c751e8b465ee728b)  -> (artifact id: '91b1cb76f46443d4671085db2692993f') in 0.012915 seconds 
========================================================================
Received Import Request.
  Time since last request: 0.000016 seconds.
  path: Assets/Western Demo Audio Assets/Player/Sand Footstep new 1.wav
  artifactKey: Guid(fc8da02e95435406f89db024451a0bb8) Importer(815301076,1909f56bfc062723c751e8b465ee728b)
Start importing Assets/Western Demo Audio Assets/Player/Sand Footstep new 1.wav using Guid(fc8da02e95435406f89db024451a0bb8) Importer(815301076,1909f56bfc062723c751e8b465ee728b)  -> (artifact id: 'a9c0bbd10ea73e35c0ea227601efe4ea') in 0.009783 seconds 
========================================================================
Received Import Request.
  Time since last request: 0.000017 seconds.
  path: Assets/Western Demo Audio Assets/Player/Footstep Wood Jump.wav
  artifactKey: Guid(8efe5418627e24e1fbc13ded1c69b49e) Importer(815301076,1909f56bfc062723c751e8b465ee728b)
Start importing Assets/Western Demo Audio Assets/Player/Footstep Wood Jump.wav using Guid(8efe5418627e24e1fbc13ded1c69b49e) Importer(815301076,1909f56bfc062723c751e8b465ee728b)  -> (artifact id: '6d7496eaa8f0ad5ec2ccd0b55f2159e1') in 0.013194 seconds 
========================================================================
Received Import Request.
  Time since last request: 0.000017 seconds.
  path: Assets/Western Demo Audio Assets/Player/Sand Footstep new 3.wav
  artifactKey: Guid(baf4414d6c8024046bb96cce835fbe26) Importer(815301076,1909f56bfc062723c751e8b465ee728b)
Start importing Assets/Western Demo Audio Assets/Player/Sand Footstep new 3.wav using Guid(baf4414d6c8024046bb96cce835fbe26) Importer(815301076,1909f56bfc062723c751e8b465ee728b)  -> (artifact id: 'd3d478fd23e630d35a7271dcd7b2523a') in 0.016328 seconds 
========================================================================
Received Import Request.
  Time since last request: 8.327814 seconds.
  path: Assets/Western Demo Audio Assets/Piano/Piano 2.wav
  artifactKey: Guid(a7abf4a58f1af4fbc941365494ffe8d8) Importer(815301076,1909f56bfc062723c751e8b465ee728b)
Start importing Assets/Western Demo Audio Assets/Piano/Piano 2.wav using Guid(a7abf4a58f1af4fbc941365494ffe8d8) Importer(815301076,1909f56bfc062723c751e8b465ee728b)  -> (artifact id: 'c4c9298a74838bf09cd7eaeb27c19cf4') in 0.020762 seconds 
========================================================================
Received Import Request.
  Time since last request: 0.626442 seconds.
  path: Assets/Western Demo Audio Assets/Objects/Bar Bump 2.wav
  artifactKey: Guid(8484de1a5db0649af92c3696c88f6764) Importer(815301076,1909f56bfc062723c751e8b465ee728b)
Start importing Assets/Western Demo Audio Assets/Objects/Bar Bump 2.wav using Guid(8484de1a5db0649af92c3696c88f6764) Importer(815301076,1909f56bfc062723c751e8b465ee728b)  -> (artifact id: '143d41658b98a02069e17779a27e032e') in 0.009038 seconds 
========================================================================
Received Import Request.
  Time since last request: 0.000015 seconds.
  path: Assets/Western Demo Audio Assets/Objects/Glass Drop 1.wav
  artifactKey: Guid(45ebaf4415c0942c6b569535228cf8dc) Importer(815301076,1909f56bfc062723c751e8b465ee728b)
Start importing Assets/Western Demo Audio Assets/Objects/Glass Drop 1.wav using Guid(45ebaf4415c0942c6b569535228cf8dc) Importer(815301076,1909f56bfc062723c751e8b465ee728b)  -> (artifact id: 'f260050b57fcdb999ac7cf97deb3210a') in 0.009055 seconds 
========================================================================
Received Import Request.
  Time since last request: 0.000018 seconds.
  path: Assets/Western Demo Audio Assets/Objects/Tumbleweed 2.wav
  artifactKey: Guid(2fcf574ed10f640639a120a3938457c3) Importer(815301076,1909f56bfc062723c751e8b465ee728b)
Start importing Assets/Western Demo Audio Assets/Objects/Tumbleweed 2.wav using Guid(2fcf574ed10f640639a120a3938457c3) Importer(815301076,1909f56bfc062723c751e8b465ee728b)  -> (artifact id: '0b255737411cb274d0439398cd8100b9') in 0.009863 seconds 
========================================================================
Received Import Request.
  Time since last request: 0.000036 seconds.
  path: Assets/Western Demo Audio Assets/Objects/Glass Pickup.wav
  artifactKey: Guid(71c16f39e660f4a6eb503620191f8aca) Importer(815301076,1909f56bfc062723c751e8b465ee728b)
Start importing Assets/Western Demo Audio Assets/Objects/Glass Pickup.wav using Guid(71c16f39e660f4a6eb503620191f8aca) Importer(815301076,1909f56bfc062723c751e8b465ee728b)  -> (artifact id: '0f767349fd6d57c7bc862d37df6e26f7') in 0.009355 seconds 
========================================================================
Received Import Request.
  Time since last request: 0.000017 seconds.
  path: Assets/Western Demo Audio Assets/Objects/Cloth 2.wav
  artifactKey: Guid(be9a069ff677d400d9d5e072b99fa6bc) Importer(815301076,1909f56bfc062723c751e8b465ee728b)
Start importing Assets/Western Demo Audio Assets/Objects/Cloth 2.wav using Guid(be9a069ff677d400d9d5e072b99fa6bc) Importer(815301076,1909f56bfc062723c751e8b465ee728b)  -> (artifact id: '9f26b8d1823ea248740102a4b9dda77c') in 0.008634 seconds 
========================================================================
Received Import Request.
  Time since last request: 13.364998 seconds.
  path: Assets/Western Demo Audio Assets/Music/Western Outside Loop.wav
  artifactKey: Guid(b4a57636a4cc64f6c822a6bd1aec36e9) Importer(815301076,1909f56bfc062723c751e8b465ee728b)
Start importing Assets/Western Demo Audio Assets/Music/Western Outside Loop.wav using Guid(b4a57636a4cc64f6c822a6bd1aec36e9) Importer(815301076,1909f56bfc062723c751e8b465ee728b)  -> (artifact id: '01525128d64b16bfa77d0465c0ddd7cd') in 0.031302 seconds 
========================================================================
Received Import Request.
  Time since last request: 1.088667 seconds.
  path: Assets/Western Demo Audio Assets/Environment/Gas Loop Long.wav
  artifactKey: Guid(81b077b627d394b4086253e4883260dd) Importer(815301076,1909f56bfc062723c751e8b465ee728b)
Start importing Assets/Western Demo Audio Assets/Environment/Gas Loop Long.wav using Guid(81b077b627d394b4086253e4883260dd) Importer(815301076,1909f56bfc062723c751e8b465ee728b)  -> (artifact id: 'afea36d4c4617acea919e052618d520d') in 0.009589 seconds 
========================================================================
Received Prepare
Registering precompiled user dll's ...
Registered in 0.004628 seconds.
Begin MonoManager ReloadAssembly
Symbol file LoadedFromMemory doesn't match image D:\Universidad\Proyectos Unity\disdevi05_t9_lab\disdevi05_t9_lab\Library\PackageCache\com.unity.visualscripting@1.7.8\Editor\VisualScripting.Core\Dependencies\YamlDotNet\Unity.VisualScripting.YamlDotNet.dll
Symbol file LoadedFromMemory doesn't match image D:\Universidad\Proyectos Unity\disdevi05_t9_lab\disdevi05_t9_lab\Library\PackageCache\com.unity.visualscripting@1.7.8\Editor\VisualScripting.Core\Dependencies\DotNetZip\Unity.VisualScripting.IonicZip.dll
Native extension for WindowsStandalone target not found
Refreshing native plugins compatible for Editor in 0.62 ms, found 3 plugins.
Preloading 0 native plugins for Editor in 0.00 ms.
Mono: successfully reloaded assembly
- Completed reload, in  0.982 seconds
Domain Reload Profiling:
	ReloadAssembly (983ms)
		BeginReloadAssembly (152ms)
			ExecutionOrderSort (0ms)
			DisableScriptedObjects (4ms)
			BackupInstance (0ms)
			ReleaseScriptingObjects (0ms)
			CreateAndSetChildDomain (39ms)
		EndReloadAssembly (739ms)
			LoadAssemblies (110ms)
			RebuildTransferFunctionScriptingTraits (0ms)
			SetupTypeCache (258ms)
			ReleaseScriptCaches (1ms)
			RebuildScriptCaches (36ms)
			SetupLoadedEditorAssemblies (324ms)
				LogAssemblyErrors (0ms)
				InitializePlatformSupportModulesInManaged (10ms)
				SetLoadedEditorAssemblies (0ms)
				RefreshPlugins (1ms)
				BeforeProcessingInitializeOnLoad (60ms)
				ProcessInitializeOnLoadAttributes (228ms)
				ProcessInitializeOnLoadMethodAttributes (23ms)
				AfterProcessingInitializeOnLoad (2ms)
				EditorAssembliesLoaded (0ms)
			ExecutionOrderSort2 (0ms)
			AwakeInstancesAfterBackupRestoration (7ms)
Platform modules already initialized, skipping
Refreshing native plugins compatible for Editor in 2.17 ms, found 3 plugins.
Preloading 0 native plugins for Editor in 0.00 ms.
Unloading 3726 Unused Serialized files (Serialized files now loaded: 0)
Unloading 31 unused Assets / (80.6 KB). Loaded Objects now: 4231.
Memory consumption went from 138.4 MB to 138.3 MB.
Total: 3.744900 ms (FindLiveObjects: 0.391500 ms CreateObjectMapping: 0.312400 ms MarkObjects: 2.932200 ms  DeleteObjects: 0.107700 ms)

AssetImportParameters requested are different than current active one (requested -> active):
  custom:video-decoder-ogg-theora: a1e56fd34408186e4bbccfd4996cb3dc -> 
  custom:container-muxer-webm: aa71ff27fc2769a1b78a27578f13a17b -> 
  custom:container-demuxer-webm: 4f35f7cbe854078d1ac9338744f61a02 -> 
  custom:video-encoder-webm-vp8: eb34c28f22e8b96e1ab97ce403110664 -> 
  custom:audio-encoder-webm-vorbis: bf7c407c2cedff20999df2af8eb42d56 -> 
  custom:framework-win-MediaFoundation: 216162199b28c13a410421893ffa2e32 -> 
  custom:container-demuxer-ogg: 62fdf1f143b41e24485cea50d1cbac27 -> 
  custom:video-decoder-webm-vp8: 9c59270c3fd7afecdb556c50c9e8de78 -> 
  custom:audio-decoder-ogg-vorbis: bf7c407c2cedff20999df2af8eb42d56 -> 
========================================================================
Received Prepare
Registering precompiled user dll's ...
Registered in 0.006098 seconds.
Begin MonoManager ReloadAssembly
Symbol file LoadedFromMemory doesn't match image D:\Universidad\Proyectos Unity\disdevi05_t9_lab\disdevi05_t9_lab\Library\PackageCache\com.unity.visualscripting@1.7.8\Editor\VisualScripting.Core\Dependencies\YamlDotNet\Unity.VisualScripting.YamlDotNet.dll
Symbol file LoadedFromMemory doesn't match image D:\Universidad\Proyectos Unity\disdevi05_t9_lab\disdevi05_t9_lab\Library\PackageCache\com.unity.visualscripting@1.7.8\Editor\VisualScripting.Core\Dependencies\DotNetZip\Unity.VisualScripting.IonicZip.dll
Native extension for WindowsStandalone target not found
Refreshing native plugins compatible for Editor in 0.63 ms, found 3 plugins.
Preloading 0 native plugins for Editor in 0.00 ms.
Mono: successfully reloaded assembly
- Completed reload, in  0.951 seconds
Domain Reload Profiling:
	ReloadAssembly (951ms)
		BeginReloadAssembly (143ms)
			ExecutionOrderSort (0ms)
			DisableScriptedObjects (4ms)
			BackupInstance (0ms)
			ReleaseScriptingObjects (0ms)
			CreateAndSetChildDomain (29ms)
		EndReloadAssembly (719ms)
			LoadAssemblies (111ms)
			RebuildTransferFunctionScriptingTraits (0ms)
			SetupTypeCache (238ms)
			ReleaseScriptCaches (2ms)
			RebuildScriptCaches (37ms)
			SetupLoadedEditorAssemblies (324ms)
				LogAssemblyErrors (0ms)
				InitializePlatformSupportModulesInManaged (10ms)
				SetLoadedEditorAssemblies (0ms)
				RefreshPlugins (1ms)
				BeforeProcessingInitializeOnLoad (53ms)
				ProcessInitializeOnLoadAttributes (231ms)
				ProcessInitializeOnLoadMethodAttributes (27ms)
				AfterProcessingInitializeOnLoad (2ms)
				EditorAssembliesLoaded (0ms)
			ExecutionOrderSort2 (0ms)
			AwakeInstancesAfterBackupRestoration (7ms)
Platform modules already initialized, skipping
Refreshing native plugins compatible for Editor in 1.64 ms, found 3 plugins.
Preloading 0 native plugins for Editor in 0.00 ms.
Unloading 3726 Unused Serialized files (Serialized files now loaded: 0)
Unloading 21 unused Assets / (80.6 KB). Loaded Objects now: 4234.
Memory consumption went from 138.4 MB to 138.3 MB.
Total: 2.744100 ms (FindLiveObjects: 0.296200 ms CreateObjectMapping: 0.232300 ms MarkObjects: 2.137900 ms  DeleteObjects: 0.076800 ms)

AssetImportParameters requested are different than current active one (requested -> active):
  custom:video-decoder-ogg-theora: a1e56fd34408186e4bbccfd4996cb3dc -> 
  custom:container-muxer-webm: aa71ff27fc2769a1b78a27578f13a17b -> 
  custom:container-demuxer-webm: 4f35f7cbe854078d1ac9338744f61a02 -> 
  custom:video-encoder-webm-vp8: eb34c28f22e8b96e1ab97ce403110664 -> 
  custom:audio-encoder-webm-vorbis: bf7c407c2cedff20999df2af8eb42d56 -> 
  custom:framework-win-MediaFoundation: 216162199b28c13a410421893ffa2e32 -> 
  custom:container-demuxer-ogg: 62fdf1f143b41e24485cea50d1cbac27 -> 
  custom:video-decoder-webm-vp8: 9c59270c3fd7afecdb556c50c9e8de78 -> 
  custom:audio-decoder-ogg-vorbis: bf7c407c2cedff20999df2af8eb42d56 -> 
Editor requested this worker to shutdown with reason: Scaling down because of idle timeout
AssetImportWorker is now disconnected from the server
Process exiting
Exiting without the bug reporter. Application will terminate with return code 0